Arguments: 
  /usr/local/bin/node /usr/local/bin/yarn add @headlessui/react

PATH: 
  /Users/jonahhoekstra/Downloads/google-cloud-sdk/bin:/usr/local/bin:/System/Cryptexes/App/usr/bin:/usr/bin:/bin:/usr/sbin:/sbin:/Library/Frameworks/Mono.framework/Versions/Current/Commands:/Users/jonahhoekstra/Downloads/google-cloud-sdk/bin

Yarn version: 
  1.22.19

Node version: 
  16.17.0

Platform: 
  darwin arm64

Trace: 
  Error: ENOENT: no such file or directory, copyfile '/Users/jonahhoekstra/Library/Caches/Yarn/v6/npm-glob-parent-6.0.2-integrity/node_modules/glob-parent/README.md' -> '/Users/jonahhoekstra/Documents/GitHub/labs-project-structure/node_modules/tailwindcss/node_modules/glob-parent/README.md'

npm manifest: 
  {
    "name": "project-structure",
    "private": true,
    "version": "0.0.0",
    "type": "module",
    "scripts": {
      "dev": "vite",
      "build": "tsc && vite build",
      "preview": "vite preview",
      "prepare:npmrc": "cp .npmrc.template .npmrc",
      "preinstall": "yarn run prepare:npmrc && npx google-artifactregistry-auth .npmrc"
    },
    "dependencies": {
      "react": "^18.2.0",
      "react-dom": "^18.2.0",
      "react-router": "^6.4.3",
      "react-router-dom": "^6.4.3"
    },
    "devDependencies": {
      "@foleon/atomic": "^2.0.0",
      "@types/react": "^18.0.24",
      "@types/react-dom": "^18.0.8",
      "@types/react-numeric-input": "2.2.3",
      "@types/react-select": "3.0.28",
      "@types/react-slider": "1.1.0",
      "@types/styled-components": "5.1.7",
      "@vitejs/plugin-react": "^2.2.0",
      "autoprefixer": "^10.4.13",
      "postcss": "^8.4.19",
      "prop-types": "15.6",
      "react-is": "16.8.0",
      "tailwindcss": "^3.2.4",
      "tslint": "^5.0.0",
      "typescript": "^4.6.4",
      "vite": "^3.2.3"
    }
  }

yarn manifest: 
  No manifest

Lockfile: 
  # THIS IS AN AUTOGENERATED FILE. DO NOT EDIT THIS FILE DIRECTLY.
  # yarn lockfile v1
  
  
  "@ampproject/remapping@^2.1.0":
    "integrity" "sha512-qRmjj8nj9qmLTQXXmaR1cck3UXSRMPrbsLJAasZpF+t3riI71BXed5ebIOYwQntykeZuhjsdweEc9BxH5Jc26w=="
    "resolved" "https://registry.npmjs.org/@ampproject/remapping/-/remapping-2.2.0.tgz"
    "version" "2.2.0"
    dependencies:
      "@jridgewell/gen-mapping" "^0.1.0"
      "@jridgewell/trace-mapping" "^0.3.9"
  
  "@babel/code-frame@^7.0.0", "@babel/code-frame@^7.18.6":
    "integrity" "sha512-TDCmlK5eOvH+eH7cdAFlNXeVJqWIQ7gW9tY1GJIpUtFb6CmjVyq2VM3u71bOyR8CRihcCgMUYoDNyLXao3+70Q=="
    "resolved" "https://registry.npmjs.org/@babel/code-frame/-/code-frame-7.18.6.tgz"
    "version" "7.18.6"
    dependencies:
      "@babel/highlight" "^7.18.6"
  
  "@babel/compat-data@^7.20.0":
    "integrity" "sha512-KZXo2t10+/jxmkhNXc7pZTqRvSOIvVv/+lJwHS+B2rErwOyjuVRh60yVpb7liQ1U5t7lLJ1bz+t8tSypUZdm0g=="
    "resolved" "https://registry.npmjs.org/@babel/compat-data/-/compat-data-7.20.5.tgz"
    "version" "7.20.5"
  
  "@babel/core@^7.0.0", "@babel/core@^7.0.0-0", "@babel/core@^7.19.6":
    "integrity" "sha512-UdOWmk4pNWTm/4DlPUl/Pt4Gz4rcEMb7CY0Y3eJl5Yz1vI8ZJGmHWaVE55LoxRjdpx0z259GE9U5STA9atUinQ=="
    "resolved" "https://registry.npmjs.org/@babel/core/-/core-7.20.5.tgz"
    "version" "7.20.5"
    dependencies:
      "@ampproject/remapping" "^2.1.0"
      "@babel/code-frame" "^7.18.6"
      "@babel/generator" "^7.20.5"
      "@babel/helper-compilation-targets" "^7.20.0"
      "@babel/helper-module-transforms" "^7.20.2"
      "@babel/helpers" "^7.20.5"
      "@babel/parser" "^7.20.5"
      "@babel/template" "^7.18.10"
      "@babel/traverse" "^7.20.5"
      "@babel/types" "^7.20.5"
      "convert-source-map" "^1.7.0"
      "debug" "^4.1.0"
      "gensync" "^1.0.0-beta.2"
      "json5" "^2.2.1"
      "semver" "^6.3.0"
  
  "@babel/generator@^7.20.5":
    "integrity" "sha512-jl7JY2Ykn9S0yj4DQP82sYvPU+T3g0HFcWTqDLqiuA9tGRNIj9VfbtXGAYTTkyNEnQk1jkMGOdYka8aG/lulCA=="
    "resolved" "https://registry.npmjs.org/@babel/generator/-/generator-7.20.5.tgz"
    "version" "7.20.5"
    dependencies:
      "@babel/types" "^7.20.5"
      "@jridgewell/gen-mapping" "^0.3.2"
      "jsesc" "^2.5.1"
  
  "@babel/helper-annotate-as-pure@^7.16.0", "@babel/helper-annotate-as-pure@^7.18.6":
    "integrity" "sha512-duORpUiYrEpzKIop6iNbjnwKLAKnJ47csTyRACyEmWj0QdUrm5aqNJGHSSEQSUAvNW0ojX0dOmK9dZduvkfeXA=="
    "resolved" "https://registry.npmjs.org/@babel/helper-annotate-as-pure/-/helper-annotate-as-pure-7.18.6.tgz"
    "version" "7.18.6"
    dependencies:
      "@babel/types" "^7.18.6"
  
  "@babel/helper-compilation-targets@^7.20.0":
    "integrity" "sha512-0jp//vDGp9e8hZzBc6N/KwA5ZK3Wsm/pfm4CrY7vzegkVxc65SgSn6wYOnwHe9Js9HRQ1YTCKLGPzDtaS3RoLQ=="
    "resolved" "https://registry.npmjs.org/@babel/helper-compilation-targets/-/helper-compilation-targets-7.20.0.tgz"
    "version" "7.20.0"
    dependencies:
      "@babel/compat-data" "^7.20.0"
      "@babel/helper-validator-option" "^7.18.6"
      "browserslist" "^4.21.3"
      "semver" "^6.3.0"
  
  "@babel/helper-environment-visitor@^7.18.9":
    "integrity" "sha512-3r/aACDJ3fhQ/EVgFy0hpj8oHyHpQc+LPtJoY9SzTThAsStm4Ptegq92vqKoE3vD706ZVFWITnMnxucw+S9Ipg=="
    "resolved" "https://registry.npmjs.org/@babel/helper-environment-visitor/-/helper-environment-visitor-7.18.9.tgz"
    "version" "7.18.9"
  
  "@babel/helper-function-name@^7.19.0":
    "integrity" "sha512-WAwHBINyrpqywkUH0nTnNgI5ina5TFn85HKS0pbPDfxFfhyR/aNQEn4hGi1P1JyT//I0t4OgXUlofzWILRvS5w=="
    "resolved" "https://registry.npmjs.org/@babel/helper-function-name/-/helper-function-name-7.19.0.tgz"
    "version" "7.19.0"
    dependencies:
      "@babel/template" "^7.18.10"
      "@babel/types" "^7.19.0"
  
  "@babel/helper-hoist-variables@^7.18.6":
    "integrity" "sha512-UlJQPkFqFULIcyW5sbzgbkxn2FKRgwWiRexcuaR8RNJRy8+LLveqPjwZV/bwrLZCN0eUHD/x8D0heK1ozuoo6Q=="
    "resolved" "https://registry.npmjs.org/@babel/helper-hoist-variables/-/helper-hoist-variables-7.18.6.tgz"
    "version" "7.18.6"
    dependencies:
      "@babel/types" "^7.18.6"
  
  "@babel/helper-module-imports@^7.0.0", "@babel/helper-module-imports@^7.16.0", "@babel/helper-module-imports@^7.18.6":
    "integrity" "sha512-0NFvs3VkuSYbFi1x2Vd6tKrywq+z/cLeYC/RJNFrIX/30Bf5aiGYbtvGXolEktzJH8o5E5KJ3tT+nkxuuZFVlA=="
    "resolved" "https://registry.npmjs.org/@babel/helper-module-imports/-/helper-module-imports-7.18.6.tgz"
    "version" "7.18.6"
    dependencies:
      "@babel/types" "^7.18.6"
  
  "@babel/helper-module-transforms@^7.20.2":
    "integrity" "sha512-zvBKyJXRbmK07XhMuujYoJ48B5yvvmM6+wcpv6Ivj4Yg6qO7NOZOSnvZN9CRl1zz1Z4cKf8YejmCMh8clOoOeA=="
    "resolved" "https://registry.npmjs.org/@babel/helper-module-transforms/-/helper-module-transforms-7.20.2.tgz"
    "version" "7.20.2"
    dependencies:
      "@babel/helper-environment-visitor" "^7.18.9"
      "@babel/helper-module-imports" "^7.18.6"
      "@babel/helper-simple-access" "^7.20.2"
      "@babel/helper-split-export-declaration" "^7.18.6"
      "@babel/helper-validator-identifier" "^7.19.1"
      "@babel/template" "^7.18.10"
      "@babel/traverse" "^7.20.1"
      "@babel/types" "^7.20.2"
  
  "@babel/helper-plugin-utils@^7.18.6", "@babel/helper-plugin-utils@^7.19.0":
    "integrity" "sha512-8RvlJG2mj4huQ4pZ+rU9lqKi9ZKiRmuvGuM2HlWmkmgOhbs6zEAw6IEiJ5cQqGbDzGZOhwuOQNtZMi/ENLjZoQ=="
    "resolved" "https://registry.npmjs.org/@babel/helper-plugin-utils/-/helper-plugin-utils-7.20.2.tgz"
    "version" "7.20.2"
  
  "@babel/helper-simple-access@^7.20.2":
    "integrity" "sha512-+0woI/WPq59IrqDYbVGfshjT5Dmk/nnbdpcF8SnMhhXObpTq2KNBdLFRFrkVdbDOyUmHBCxzm5FHV1rACIkIbA=="
    "resolved" "https://registry.npmjs.org/@babel/helper-simple-access/-/helper-simple-access-7.20.2.tgz"
    "version" "7.20.2"
    dependencies:
      "@babel/types" "^7.20.2"
  
  "@babel/helper-split-export-declaration@^7.18.6":
    "integrity" "sha512-bde1etTx6ZyTmobl9LLMMQsaizFVZrquTEHOqKeQESMKo4PlObf+8+JA25ZsIpZhT/WEd39+vOdLXAFG/nELpA=="
    "resolved" "https://registry.npmjs.org/@babel/helper-split-export-declaration/-/helper-split-export-declaration-7.18.6.tgz"
    "version" "7.18.6"
    dependencies:
      "@babel/types" "^7.18.6"
  
  "@babel/helper-string-parser@^7.19.4":
    "integrity" "sha512-nHtDoQcuqFmwYNYPz3Rah5ph2p8PFeFCsZk9A/48dPc/rGocJ5J3hAAZ7pb76VWX3fZKu+uEr/FhH5jLx7umrw=="
    "resolved" "https://registry.npmjs.org/@babel/helper-string-parser/-/helper-string-parser-7.19.4.tgz"
    "version" "7.19.4"
  
  "@babel/helper-validator-identifier@^7.18.6", "@babel/helper-validator-identifier@^7.19.1":
    "integrity" "sha512-awrNfaMtnHUr653GgGEs++LlAvW6w+DcPrOliSMXWCKo597CwL5Acf/wWdNkf/tfEQE3mjkeD1YOVZOUV/od1w=="
    "resolved" "https://registry.npmjs.org/@babel/helper-validator-identifier/-/helper-validator-identifier-7.19.1.tgz"
    "version" "7.19.1"
  
  "@babel/helper-validator-option@^7.18.6":
    "integrity" "sha512-XO7gESt5ouv/LRJdrVjkShckw6STTaB7l9BrpBaAHDeF5YZT+01PCwmR0SJHnkW6i8OwW/EVWRShfi4j2x+KQw=="
    "resolved" "https://registry.npmjs.org/@babel/helper-validator-option/-/helper-validator-option-7.18.6.tgz"
    "version" "7.18.6"
  
  "@babel/helpers@^7.20.5":
    "integrity" "sha512-Pf/OjgfgFRW5bApskEz5pvidpim7tEDPlFtKcNRXWmfHGn9IEI2W2flqRQXTFb7gIPTyK++N6rVHuwKut4XK6w=="
    "resolved" "https://registry.npmjs.org/@babel/helpers/-/helpers-7.20.6.tgz"
    "version" "7.20.6"
    dependencies:
      "@babel/template" "^7.18.10"
      "@babel/traverse" "^7.20.5"
      "@babel/types" "^7.20.5"
  
  "@babel/highlight@^7.18.6":
    "integrity" "sha512-u7stbOuYjaPezCuLj29hNW1v64M2Md2qupEKP1fHc7WdOA3DgLh37suiSrZYY7haUB7iBeQZ9P1uiRF359do3g=="
    "resolved" "https://registry.npmjs.org/@babel/highlight/-/highlight-7.18.6.tgz"
    "version" "7.18.6"
    dependencies:
      "@babel/helper-validator-identifier" "^7.18.6"
      "chalk" "^2.0.0"
      "js-tokens" "^4.0.0"
  
  "@babel/parser@^7.18.10", "@babel/parser@^7.20.5":
    "integrity" "sha512-r27t/cy/m9uKLXQNWWebeCUHgnAZq0CpG1OwKRxzJMP1vpSU4bSIK2hq+/cp0bQxetkXx38n09rNu8jVkcK/zA=="
    "resolved" "https://registry.npmjs.org/@babel/parser/-/parser-7.20.5.tgz"
    "version" "7.20.5"
  
  "@babel/plugin-syntax-jsx@^7.18.6":
    "integrity" "sha512-6mmljtAedFGTWu2p/8WIORGwy+61PLgOMPOdazc7YoJ9ZCWUyFy3A6CpPkRKLKD1ToAesxX8KGEViAiLo9N+7Q=="
    "resolved" "https://registry.npmjs.org/@babel/plugin-syntax-jsx/-/plugin-syntax-jsx-7.18.6.tgz"
    "version" "7.18.6"
    dependencies:
      "@babel/helper-plugin-utils" "^7.18.6"
  
  "@babel/plugin-transform-react-jsx-development@^7.18.6":
    "integrity" "sha512-SA6HEjwYFKF7WDjWcMcMGUimmw/nhNRDWxr+KaLSCrkD/LMDBvWRmHAYgE1HDeF8KUuI8OAu+RT6EOtKxSW2qA=="
    "resolved" "https://registry.npmjs.org/@babel/plugin-transform-react-jsx-development/-/plugin-transform-react-jsx-development-7.18.6.tgz"
    "version" "7.18.6"
    dependencies:
      "@babel/plugin-transform-react-jsx" "^7.18.6"
  
  "@babel/plugin-transform-react-jsx-self@^7.18.6":
    "integrity" "sha512-A0LQGx4+4Jv7u/tWzoJF7alZwnBDQd6cGLh9P+Ttk4dpiL+J5p7NSNv/9tlEFFJDq3kjxOavWmbm6t0Gk+A3Ig=="
    "resolved" "https://registry.npmjs.org/@babel/plugin-transform-react-jsx-self/-/plugin-transform-react-jsx-self-7.18.6.tgz"
    "version" "7.18.6"
    dependencies:
      "@babel/helper-plugin-utils" "^7.18.6"
  
  "@babel/plugin-transform-react-jsx-source@^7.19.6":
    "integrity" "sha512-RpAi004QyMNisst/pvSanoRdJ4q+jMCWyk9zdw/CyLB9j8RXEahodR6l2GyttDRyEVWZtbN+TpLiHJ3t34LbsQ=="
    "resolved" "https://registry.npmjs.org/@babel/plugin-transform-react-jsx-source/-/plugin-transform-react-jsx-source-7.19.6.tgz"
    "version" "7.19.6"
    dependencies:
      "@babel/helper-plugin-utils" "^7.19.0"
  
  "@babel/plugin-transform-react-jsx@^7.18.6", "@babel/plugin-transform-react-jsx@^7.19.0":
    "integrity" "sha512-UVEvX3tXie3Szm3emi1+G63jyw1w5IcMY0FSKM+CRnKRI5Mr1YbCNgsSTwoTwKphQEG9P+QqmuRFneJPZuHNhg=="
    "resolved" "https://registry.npmjs.org/@babel/plugin-transform-react-jsx/-/plugin-transform-react-jsx-7.19.0.tgz"
    "version" "7.19.0"
    dependencies:
      "@babel/helper-annotate-as-pure" "^7.18.6"
      "@babel/helper-module-imports" "^7.18.6"
      "@babel/helper-plugin-utils" "^7.19.0"
      "@babel/plugin-syntax-jsx" "^7.18.6"
      "@babel/types" "^7.19.0"
  
  "@babel/runtime@^7.17.8", "@babel/runtime@^7.4.4", "@babel/runtime@^7.5.5", "@babel/runtime@^7.7.2", "@babel/runtime@^7.8.7":
    "integrity" "sha512-Q+8MqP7TiHMWzSfwiJwXCjyf4GYA4Dgw3emg/7xmwsdLJOZUp+nMqcOwOzzYheuM1rhDu8FSj2l0aoMygEuXuA=="
    "resolved" "https://registry.npmjs.org/@babel/runtime/-/runtime-7.20.6.tgz"
    "version" "7.20.6"
    dependencies:
      "regenerator-runtime" "^0.13.11"
  
  "@babel/template@^7.18.10":
    "integrity" "sha512-TI+rCtooWHr3QJ27kJxfjutghu44DLnasDMwpDqCXVTal9RLp3RSYNh4NdBrRP2cQAoG9A8juOQl6P6oZG4JxA=="
    "resolved" "https://registry.npmjs.org/@babel/template/-/template-7.18.10.tgz"
    "version" "7.18.10"
    dependencies:
      "@babel/code-frame" "^7.18.6"
      "@babel/parser" "^7.18.10"
      "@babel/types" "^7.18.10"
  
  "@babel/traverse@^7.20.1", "@babel/traverse@^7.20.5", "@babel/traverse@^7.4.5":
    "integrity" "sha512-WM5ZNN3JITQIq9tFZaw1ojLU3WgWdtkxnhM1AegMS+PvHjkM5IXjmYEGY7yukz5XS4sJyEf2VzWjI8uAavhxBQ=="
    "resolved" "https://registry.npmjs.org/@babel/traverse/-/traverse-7.20.5.tgz"
    "version" "7.20.5"
    dependencies:
      "@babel/code-frame" "^7.18.6"
      "@babel/generator" "^7.20.5"
      "@babel/helper-environment-visitor" "^7.18.9"
      "@babel/helper-function-name" "^7.19.0"
      "@babel/helper-hoist-variables" "^7.18.6"
      "@babel/helper-split-export-declaration" "^7.18.6"
      "@babel/parser" "^7.20.5"
      "@babel/types" "^7.20.5"
      "debug" "^4.1.0"
      "globals" "^11.1.0"
  
  "@babel/types@^7.18.10", "@babel/types@^7.18.6", "@babel/types@^7.19.0", "@babel/types@^7.20.2", "@babel/types@^7.20.5":
    "integrity" "sha512-c9fst/h2/dcF7H+MJKZ2T0KjEQ8hY/BNnDk/H3XY8C4Aw/eWQXWn/lWntHF9ooUBnGmEvbfGrTgLWc+um0YDUg=="
    "resolved" "https://registry.npmjs.org/@babel/types/-/types-7.20.5.tgz"
    "version" "7.20.5"
    dependencies:
      "@babel/helper-string-parser" "^7.19.4"
      "@babel/helper-validator-identifier" "^7.19.1"
      "to-fast-properties" "^2.0.0"
  
  "@emotion/cache@^10.0.27", "@emotion/cache@^10.0.9":
    "integrity" "sha512-fU2VtSVlHiF27empSbxi1O2JFdNWZO+2NFHfwO0pxgTep6Xa3uGb+3pVKfLww2l/IBGLNEZl5Xf/++A4wAYDYQ=="
    "resolved" "https://registry.npmjs.org/@emotion/cache/-/cache-10.0.29.tgz"
    "version" "10.0.29"
    dependencies:
      "@emotion/sheet" "0.9.4"
      "@emotion/stylis" "0.8.5"
      "@emotion/utils" "0.11.3"
      "@emotion/weak-memoize" "0.2.5"
  
  "@emotion/core@^10.0.9":
    "integrity" "sha512-447aUEjPIm0MnE6QYIaFz9VQOHSXf4Iu6EWOIqq11EAPqinkSZmfymPTmlOE3QjLv846lH4JVZBUOtwGbuQoww=="
    "resolved" "https://registry.npmjs.org/@emotion/core/-/core-10.3.1.tgz"
    "version" "10.3.1"
    dependencies:
      "@babel/runtime" "^7.5.5"
      "@emotion/cache" "^10.0.27"
      "@emotion/css" "^10.0.27"
      "@emotion/serialize" "^0.11.15"
      "@emotion/sheet" "0.9.4"
      "@emotion/utils" "0.11.3"
  
  "@emotion/css@^10.0.27", "@emotion/css@^10.0.9":
    "integrity" "sha512-6wZjsvYeBhyZQYNrGoR5yPMYbMBNEnanDrqmsqS1mzDm1cOTu12shvl2j4QHNS36UaTE0USIJawCH9C8oW34Zw=="
    "resolved" "https://registry.npmjs.org/@emotion/css/-/css-10.0.27.tgz"
    "version" "10.0.27"
    dependencies:
      "@emotion/serialize" "^0.11.15"
      "@emotion/utils" "0.11.3"
      "babel-plugin-emotion" "^10.0.27"
  
  "@emotion/hash@0.8.0":
    "integrity" "sha512-kBJtf7PH6aWwZ6fka3zQ0p6SBYzx4fl1LoZXE2RrnYST9Xljm7WfKJrU4g/Xr3Beg72MLrp1AWNUmuYJTL7Cow=="
    "resolved" "https://registry.npmjs.org/@emotion/hash/-/hash-0.8.0.tgz"
    "version" "0.8.0"
  
  "@emotion/is-prop-valid@^1.1.0":
    "integrity" "sha512-3aDpDprjM0AwaxGE09bOPkNxHpBd+kA6jty3RnaEXdweX1DF1U3VQpPYb0g1IStAuK7SVQ1cy+bNBBKp4W3Fjg=="
    "resolved" "https://registry.npmjs.org/@emotion/is-prop-valid/-/is-prop-valid-1.2.0.tgz"
    "version" "1.2.0"
    dependencies:
      "@emotion/memoize" "^0.8.0"
  
  "@emotion/memoize@^0.8.0":
    "integrity" "sha512-G/YwXTkv7Den9mXDO7AhLWkE3q+I92B+VqAE+dYG4NGPaHZGvt3G8Q0p9vmE+sq7rTGphUbAvmQ9YpbfMQGGlA=="
    "resolved" "https://registry.npmjs.org/@emotion/memoize/-/memoize-0.8.0.tgz"
    "version" "0.8.0"
  
  "@emotion/memoize@0.7.4":
    "integrity" "sha512-Ja/Vfqe3HpuzRsG1oBtWTHk2PGZ7GR+2Vz5iYGelAw8dx32K0y7PjVuxK6z1nMpZOqAFsRUPCkK1YjJ56qJlgw=="
    "resolved" "https://registry.npmjs.org/@emotion/memoize/-/memoize-0.7.4.tgz"
    "version" "0.7.4"
  
  "@emotion/serialize@^0.11.15", "@emotion/serialize@^0.11.16":
    "integrity" "sha512-G3J4o8by0VRrO+PFeSc3js2myYNOXVJ3Ya+RGVxnshRYgsvErfAOglKAiy1Eo1vhzxqtUvjCyS5gtewzkmvSSg=="
    "resolved" "https://registry.npmjs.org/@emotion/serialize/-/serialize-0.11.16.tgz"
    "version" "0.11.16"
    dependencies:
      "@emotion/hash" "0.8.0"
      "@emotion/memoize" "0.7.4"
      "@emotion/unitless" "0.7.5"
      "@emotion/utils" "0.11.3"
      "csstype" "^2.5.7"
  
  "@emotion/sheet@0.9.4":
    "integrity" "sha512-zM9PFmgVSqBw4zL101Q0HrBVTGmpAxFZH/pYx/cjJT5advXguvcgjHFTCaIO3enL/xr89vK2bh0Mfyj9aa0ANA=="
    "resolved" "https://registry.npmjs.org/@emotion/sheet/-/sheet-0.9.4.tgz"
    "version" "0.9.4"
  
  "@emotion/stylis@^0.8.4", "@emotion/stylis@0.8.5":
    "integrity" "sha512-h6KtPihKFn3T9fuIrwvXXUOwlx3rfUvfZIcP5a6rh8Y7zjE3O06hT5Ss4S/YI1AYhuZ1kjaE/5EaOOI2NqSylQ=="
    "resolved" "https://registry.npmjs.org/@emotion/stylis/-/stylis-0.8.5.tgz"
    "version" "0.8.5"
  
  "@emotion/unitless@^0.7.4", "@emotion/unitless@0.7.5":
    "integrity" "sha512-OWORNpfjMsSSUBVrRBVGECkhWcULOAJz9ZW8uK9qgxD+87M7jHRcvh/A96XXNhXTLmKcoYSQtBEX7lHMO7YRwg=="
    "resolved" "https://registry.npmjs.org/@emotion/unitless/-/unitless-0.7.5.tgz"
    "version" "0.7.5"
  
  "@emotion/utils@0.11.3":
    "integrity" "sha512-0o4l6pZC+hI88+bzuaX/6BgOvQVhbt2PfmxauVaYOGgbsAw14wdKyvMCZXnsnsHys94iadcF+RG/wZyx6+ZZBw=="
    "resolved" "https://registry.npmjs.org/@emotion/utils/-/utils-0.11.3.tgz"
    "version" "0.11.3"
  
  "@emotion/weak-memoize@0.2.5":
    "integrity" "sha512-6U71C2Wp7r5XtFtQzYrW5iKFT67OixrSxjI4MptCHzdSVlgabczzqLe0ZSgnub/5Kp4hSbpDB1tMytZY9pwxxA=="
    "resolved" "https://registry.npmjs.org/@emotion/weak-memoize/-/weak-memoize-0.2.5.tgz"
    "version" "0.2.5"
  
  "@foleon/atomic@^2.0.0":
    "integrity" "sha512-FKYXX2AcFwlDsnZCsNATkuPpKZc2c7UaejVb/QceF/M60dqorUxGSXFuTxcN/QaDkJePPdetOl8uKmIZFF9VHw=="
    "resolved" "https://europe-west4-npm.pkg.dev/foleon-staging/foleon/@foleon/atomic/-/@foleon/atomic-2.1.25.tgz"
    "version" "2.1.25"
    dependencies:
      "polished" "^4.0.5"
      "react-dom" "16.14.0"
      "react-icons" "^3.10.0"
      "react-numeric-input" "^2.2.3"
      "react-select" "^3.1.1"
      "react-slider" "^1.1.2"
      "react-toastify" "^6.2.0"
      "react-tooltip-lite" "^1.12.0"
      "styled-components" "^5.3.6"
      "tslint-react-hooks" "^2.2.2"
  
  "@jridgewell/gen-mapping@^0.1.0":
    "integrity" "sha512-sQXCasFk+U8lWYEe66WxRDOE9PjVz4vSM51fTu3Hw+ClTpUSQb718772vH3pyS5pShp6lvQM7SxgIDXXXmOX7w=="
    "resolved" "https://registry.npmjs.org/@jridgewell/gen-mapping/-/gen-mapping-0.1.1.tgz"
    "version" "0.1.1"
    dependencies:
      "@jridgewell/set-array" "^1.0.0"
      "@jridgewell/sourcemap-codec" "^1.4.10"
  
  "@jridgewell/gen-mapping@^0.3.2":
    "integrity" "sha512-mh65xKQAzI6iBcFzwv28KVWSmCkdRBWoOh+bYQGW3+6OZvbbN3TqMGo5hqYxQniRcH9F2VZIoJCm4pa3BPDK/A=="
    "resolved" "https://registry.npmjs.org/@jridgewell/gen-mapping/-/gen-mapping-0.3.2.tgz"
    "version" "0.3.2"
    dependencies:
      "@jridgewell/set-array" "^1.0.1"
      "@jridgewell/sourcemap-codec" "^1.4.10"
      "@jridgewell/trace-mapping" "^0.3.9"
  
  "@jridgewell/resolve-uri@3.1.0":
    "integrity" "sha512-F2msla3tad+Mfht5cJq7LSXcdudKTWCVYUgw6pLFOOHSTtZlj6SWNYAp+AhuqLmWdBO2X5hPrLcu8cVP8fy28w=="
    "resolved" "https://registry.npmjs.org/@jridgewell/resolve-uri/-/resolve-uri-3.1.0.tgz"
    "version" "3.1.0"
  
  "@jridgewell/set-array@^1.0.0", "@jridgewell/set-array@^1.0.1":
    "integrity" "sha512-xnkseuNADM0gt2bs+BvhO0p78Mk762YnZdsuzFV018NoG1Sj1SCQvpSqa7XUaTam5vAGasABV9qXASMKnFMwMw=="
    "resolved" "https://registry.npmjs.org/@jridgewell/set-array/-/set-array-1.1.2.tgz"
    "version" "1.1.2"
  
  "@jridgewell/sourcemap-codec@^1.4.10", "@jridgewell/sourcemap-codec@1.4.14":
    "integrity" "sha512-XPSJHWmi394fuUuzDnGz1wiKqWfo1yXecHQMRf2l6hztTO+nPru658AyDngaBe7isIxEkRsPR3FZh+s7iVa4Uw=="
    "resolved" "https://registry.npmjs.org/@jridgewell/sourcemap-codec/-/sourcemap-codec-1.4.14.tgz"
    "version" "1.4.14"
  
  "@jridgewell/trace-mapping@^0.3.9":
    "integrity" "sha512-MCNzAp77qzKca9+W/+I0+sEpaUnZoeasnghNeVc41VZCEKaCH73Vq3BZZ/SzWIgrqE4H4ceI+p+b6C0mHf9T4g=="
    "resolved" "https://registry.npmjs.org/@jridgewell/trace-mapping/-/trace-mapping-0.3.17.tgz"
    "version" "0.3.17"
    dependencies:
      "@jridgewell/resolve-uri" "3.1.0"
      "@jridgewell/sourcemap-codec" "1.4.14"
  
  "@nodelib/fs.scandir@2.1.5":
    "integrity" "sha512-vq24Bq3ym5HEQm2NKCr3yXDwjc7vTsEThRDnkp2DK9p1uqLR+DHurm/NOTo0KG7HYHU7eppKZj3MyqYuMBf62g=="
    "resolved" "https://registry.npmjs.org/@nodelib/fs.scandir/-/fs.scandir-2.1.5.tgz"
    "version" "2.1.5"
    dependencies:
      "@nodelib/fs.stat" "2.0.5"
      "run-parallel" "^1.1.9"
  
  "@nodelib/fs.stat@^2.0.2", "@nodelib/fs.stat@2.0.5":
    "integrity" "sha512-RkhPPp2zrqDAQA/2jNhnztcPAlv64XdhIp7a7454A5ovI7Bukxgt7MX7udwAu3zg1DcpPU0rz3VV1SeaqvY4+A=="
    "resolved" "https://registry.npmjs.org/@nodelib/fs.stat/-/fs.stat-2.0.5.tgz"
    "version" "2.0.5"
  
  "@nodelib/fs.walk@^1.2.3":
    "integrity" "sha512-oGB+UxlgWcgQkgwo8GcEGwemoTFt3FIO9ababBmaGwXIoBKZ+GTy0pP185beGg7Llih/NSHSV2XAs1lnznocSg=="
    "resolved" "https://registry.npmjs.org/@nodelib/fs.walk/-/fs.walk-1.2.8.tgz"
    "version" "1.2.8"
    dependencies:
      "@nodelib/fs.scandir" "2.1.5"
      "fastq" "^1.6.0"
  
  "@remix-run/router@1.0.3":
    "integrity" "sha512-ceuyTSs7PZ/tQqi19YZNBc5X7kj1f8p+4DIyrcIYFY9h+hd1OKm4RqtiWldR9eGEvIiJfsqwM4BsuCtRIuEw6Q=="
    "resolved" "https://registry.npmjs.org/@remix-run/router/-/router-1.0.3.tgz"
    "version" "1.0.3"
  
  "@types/hoist-non-react-statics@*":
    "integrity" "sha512-iMIqiko6ooLrTh1joXodJK5X9xeEALT1kM5G3ZLhD3hszxBdIEd5C75U834D9mLcINgD4OyZf5uQXjkuYydWvA=="
    "resolved" "https://registry.npmjs.org/@types/hoist-non-react-statics/-/hoist-non-react-statics-3.3.1.tgz"
    "version" "3.3.1"
    dependencies:
      "@types/react" "*"
      "hoist-non-react-statics" "^3.3.0"
  
  "@types/parse-json@^4.0.0":
    "integrity" "sha512-//oorEZjL6sbPcKUaCdIGlIUeH26mgzimjBB77G6XRgnDl/L5wOnpyBGRe/Mmf5CVW3PwEBE1NjiMZ/ssFh4wA=="
    "resolved" "https://registry.npmjs.org/@types/parse-json/-/parse-json-4.0.0.tgz"
    "version" "4.0.0"
  
  "@types/prop-types@*":
    "integrity" "sha512-JCB8C6SnDoQf0cNycqd/35A7MjcnK+ZTqE7judS6o7utxUCg6imJg3QK2qzHKszlTjcj2cn+NwMB2i96ubpj7w=="
    "resolved" "https://registry.npmjs.org/@types/prop-types/-/prop-types-15.7.5.tgz"
    "version" "15.7.5"
  
  "@types/react-dom@*", "@types/react-dom@^16.9.10", "@types/react-dom@^18.0.8":
    "integrity" "sha512-qnVvHxASt/H7i+XG1U1xMiY5t+IHcPGUK7TDMDzom08xa7e86eCeKOiLZezwCKVxJn6NEiiy2ekgX8aQssjIKg=="
    "resolved" "https://registry.npmjs.org/@types/react-dom/-/react-dom-18.0.9.tgz"
    "version" "18.0.9"
    dependencies:
      "@types/react" "*"
  
  "@types/react-numeric-input@^2.2.3", "@types/react-numeric-input@2.2.3":
    "integrity" "sha512-TQtZ+0PM3/Pk15YYY3xJGOmfwETFQYHGydMaY42OvAbRTBmYJSmGPL7f/Yi/9FfXWb4m4T8FrZborccZX6VXDw=="
    "resolved" "https://registry.npmjs.org/@types/react-numeric-input/-/react-numeric-input-2.2.3.tgz"
    "version" "2.2.3"
    dependencies:
      "@types/react" "*"
  
  "@types/react-select@^3.0.28", "@types/react-select@3.0.28":
    "integrity" "sha512-Gfg3a/EPLyUQkfezcCQkmLW1Vz6+ziclJhn8dpBUEYJF3IUoxS81ToAi3ky2xtnAyk2wJFMXLvE73KiUd56yTA=="
    "resolved" "https://registry.npmjs.org/@types/react-select/-/react-select-3.0.28.tgz"
    "version" "3.0.28"
    dependencies:
      "@types/react" "*"
      "@types/react-dom" "*"
      "@types/react-transition-group" "*"
  
  "@types/react-slider@^1.1.0", "@types/react-slider@1.1.0":
    "integrity" "sha512-ew3gf0bU5jGoGKG1efBVjKzoAWx9G+S6wv7Hx5fum0WIPyNrnGi42IsSVZbt7el7vzD5fNiELFmddffdMUhejQ=="
    "resolved" "https://registry.npmjs.org/@types/react-slider/-/react-slider-1.1.0.tgz"
    "version" "1.1.0"
    dependencies:
      "@types/react" "*"
  
  "@types/react-transition-group@*":
    "integrity" "sha512-juKD/eiSM3/xZYzjuzH6ZwpP+/lejltmiS3QEzV/vmb/Q8+HfDmxu+Baga8UEMGBqV88Nbg4l2hY/K2DkyaLLA=="
    "resolved" "https://registry.npmjs.org/@types/react-transition-group/-/react-transition-group-4.4.5.tgz"
    "version" "4.4.5"
    dependencies:
      "@types/react" "*"
  
  "@types/react@*", "@types/react@^16.14.0", "@types/react@^18.0.24":
    "integrity" "sha512-xD6c0KDT4m7n9uD4ZHi02lzskaiqcBxf4zi+tXZY98a04wvc0hi/TcCPC2FOESZi51Nd7tlUeOJY8RofL799/g=="
    "resolved" "https://registry.npmjs.org/@types/react/-/react-18.0.25.tgz"
    "version" "18.0.25"
    dependencies:
      "@types/prop-types" "*"
      "@types/scheduler" "*"
      "csstype" "^3.0.2"
  
  "@types/scheduler@*":
    "integrity" "sha512-hppQEBDmlwhFAXKJX2KnWLYu5yMfi91yazPb2l+lbJiwW+wdo1gNeRA+3RgNSO39WYX2euey41KEwnqesU2Jew=="
    "resolved" "https://registry.npmjs.org/@types/scheduler/-/scheduler-0.16.2.tgz"
    "version" "0.16.2"
  
  "@types/styled-components@^5.1.1", "@types/styled-components@5.1.7":
    "integrity" "sha512-BJzPhFygYspyefAGFZTZ/8lCEY4Tk+Iqktvnko3xmJf9LrLqs3+grxPeU3O0zLl6yjbYBopD0/VikbHgXDbJtA=="
    "resolved" "https://registry.npmjs.org/@types/styled-components/-/styled-components-5.1.7.tgz"
    "version" "5.1.7"
    dependencies:
      "@types/hoist-non-react-statics" "*"
      "@types/react" "*"
      "csstype" "^3.0.2"
  
  "@vitejs/plugin-react@^2.2.0":
    "integrity" "sha512-FFpefhvExd1toVRlokZgxgy2JtnBOdp4ZDsq7ldCWaqGSGn9UhWMAVm/1lxPL14JfNS5yGz+s9yFrQY6shoStA=="
    "resolved" "https://registry.npmjs.org/@vitejs/plugin-react/-/plugin-react-2.2.0.tgz"
    "version" "2.2.0"
    dependencies:
      "@babel/core" "^7.19.6"
      "@babel/plugin-transform-react-jsx" "^7.19.0"
      "@babel/plugin-transform-react-jsx-development" "^7.18.6"
      "@babel/plugin-transform-react-jsx-self" "^7.18.6"
      "@babel/plugin-transform-react-jsx-source" "^7.19.6"
      "magic-string" "^0.26.7"
      "react-refresh" "^0.14.0"
  
  "acorn-node@^1.8.2":
    "integrity" "sha512-8mt+fslDufLYntIoPAaIMUe/lrbrehIiwmR3t2k9LljIzoigEPF27eLk2hy8zSGzmR/ogr7zbRKINMo1u0yh5A=="
    "resolved" "https://registry.npmjs.org/acorn-node/-/acorn-node-1.8.2.tgz"
    "version" "1.8.2"
    dependencies:
      "acorn" "^7.0.0"
      "acorn-walk" "^7.0.0"
      "xtend" "^4.0.2"
  
  "acorn-walk@^7.0.0":
    "integrity" "sha512-OPdCF6GsMIP+Az+aWfAAOEt2/+iVDKE7oy6lJ098aoe59oAmK76qV6Gw60SbZ8jHuG2wH058GF4pLFbYamYrVA=="
    "resolved" "https://registry.npmjs.org/acorn-walk/-/acorn-walk-7.2.0.tgz"
    "version" "7.2.0"
  
  "acorn@^7.0.0":
    "integrity" "sha512-nQyp0o1/mNdbTO1PO6kHkwSrmgZ0MT/jCCpNiwbUjGoRN4dlBhqJtoQuCnEOKzgTVwg0ZWiCoQy6SxMebQVh8A=="
    "resolved" "https://registry.npmjs.org/acorn/-/acorn-7.4.1.tgz"
    "version" "7.4.1"
  
  "ansi-styles@^3.2.1":
    "integrity" "sha512-VT0ZI6kZRdTh8YyJw3SMbYm/u+NqfsAxEpWO0Pf9sq8/e94WxxOpPKx9FR1FlyCtOVDNOQ+8ntlqFxiRc+r5qA=="
    "resolved" "https://registry.npmjs.org/ansi-styles/-/ansi-styles-3.2.1.tgz"
    "version" "3.2.1"
    dependencies:
      "color-convert" "^1.9.0"
  
  "anymatch@~3.1.2":
    "integrity" "sha512-KMReFUr0B4t+D+OBkjR3KYqvocp2XaSzO55UcB6mgQMd3KbcE+mWTyvVV7D/zsdEbNnV6acZUutkiHQXvTr1Rw=="
    "resolved" "https://registry.npmjs.org/anymatch/-/anymatch-3.1.3.tgz"
    "version" "3.1.3"
    dependencies:
      "normalize-path" "^3.0.0"
      "picomatch" "^2.0.4"
  
  "arg@^5.0.2":
    "integrity" "sha512-PYjyFOLKQ9y57JvQ6QLo8dAgNqswh8M1RMJYdQduT6xbWSgK36P/Z/v+p888pM69jMMfS8Xd8F6I1kQ/I9HUGg=="
    "resolved" "https://registry.npmjs.org/arg/-/arg-5.0.2.tgz"
    "version" "5.0.2"
  
  "argparse@^1.0.7":
    "integrity" "sha512-o5Roy6tNG4SL/FOkCAN6RzjiakZS25RLYFrcMttJqbdd8BWrnA+fGz57iN5Pb06pvBGvl5gQ0B48dJlslXvoTg=="
    "resolved" "https://registry.npmjs.org/argparse/-/argparse-1.0.10.tgz"
    "version" "1.0.10"
    dependencies:
      "sprintf-js" "~1.0.2"
  
  "autoprefixer@^10.4.13":
    "integrity" "sha512-49vKpMqcZYsJjwotvt4+h/BCjJVnhGwcLpDt5xkcaOG3eLrG/HUYLagrihYsQ+qrIBgIzX1Rw7a6L8I/ZA1Atg=="
    "resolved" "https://registry.npmjs.org/autoprefixer/-/autoprefixer-10.4.13.tgz"
    "version" "10.4.13"
    dependencies:
      "browserslist" "^4.21.4"
      "caniuse-lite" "^1.0.30001426"
      "fraction.js" "^4.2.0"
      "normalize-range" "^0.1.2"
      "picocolors" "^1.0.0"
      "postcss-value-parser" "^4.2.0"
  
  "babel-plugin-emotion@^10.0.27":
    "integrity" "sha512-SMSkGoqTbTyUTDeuVuPIWifPdUGkTk1Kf9BWRiXIOIcuyMfsdp2EjeiiFvOzX8NOBvEh/ypKYvUh2rkgAJMCLA=="
    "resolved" "https://registry.npmjs.org/babel-plugin-emotion/-/babel-plugin-emotion-10.2.2.tgz"
    "version" "10.2.2"
    dependencies:
      "@babel/helper-module-imports" "^7.0.0"
      "@emotion/hash" "0.8.0"
      "@emotion/memoize" "0.7.4"
      "@emotion/serialize" "^0.11.16"
      "babel-plugin-macros" "^2.0.0"
      "babel-plugin-syntax-jsx" "^6.18.0"
      "convert-source-map" "^1.5.0"
      "escape-string-regexp" "^1.0.5"
      "find-root" "^1.1.0"
      "source-map" "^0.5.7"
  
  "babel-plugin-macros@^2.0.0":
    "integrity" "sha512-SEP5kJpfGYqYKpBrj5XU3ahw5p5GOHJ0U5ssOSQ/WBVdwkD2Dzlce95exQTs3jOVWPPKLBN2rlEWkCK7dSmLvg=="
    "resolved" "https://registry.npmjs.org/babel-plugin-macros/-/babel-plugin-macros-2.8.0.tgz"
    "version" "2.8.0"
    dependencies:
      "@babel/runtime" "^7.7.2"
      "cosmiconfig" "^6.0.0"
      "resolve" "^1.12.0"
  
  "babel-plugin-styled-components@>= 1.12.0":
    "integrity" "sha512-i7YhvPgVqRKfoQ66toiZ06jPNA3p6ierpfUuEWxNF+fV27Uv5gxBkf8KZLHUCc1nFA9j6+80pYoIpqCeyW3/bA=="
    "resolved" "https://registry.npmjs.org/babel-plugin-styled-components/-/babel-plugin-styled-components-2.0.7.tgz"
    "version" "2.0.7"
    dependencies:
      "@babel/helper-annotate-as-pure" "^7.16.0"
      "@babel/helper-module-imports" "^7.16.0"
      "babel-plugin-syntax-jsx" "^6.18.0"
      "lodash" "^4.17.11"
      "picomatch" "^2.3.0"
  
  "babel-plugin-syntax-jsx@^6.18.0":
    "integrity" "sha512-qrPaCSo9c8RHNRHIotaufGbuOBN8rtdC4QrrFFc43vyWCCz7Kl7GL1PGaXtMGQZUXrkCjNEgxDfmAuAabr/rlw=="
    "resolved" "https://registry.npmjs.org/babel-plugin-syntax-jsx/-/babel-plugin-syntax-jsx-6.18.0.tgz"
    "version" "6.18.0"
  
  "balanced-match@^1.0.0":
    "integrity" "sha512-3oSeUO0TMV67hN1AmbXsK4yaqU7tjiHlbxRDZOpH0KW9+CeX4bRAaX0Anxt0tx2MrpRpWwQaPwIlISEJhYU5Pw=="
    "resolved" "https://registry.npmjs.org/balanced-match/-/balanced-match-1.0.2.tgz"
    "version" "1.0.2"
  
  "binary-extensions@^2.0.0":
    "integrity" "sha512-jDctJ/IVQbZoJykoeHbhXpOlNBqGNcwXJKJog42E5HDPUwQTSdjCHdihjj0DlnheQ7blbT6dHOafNAiS8ooQKA=="
    "resolved" "https://registry.npmjs.org/binary-extensions/-/binary-extensions-2.2.0.tgz"
    "version" "2.2.0"
  
  "brace-expansion@^1.1.7":
    "integrity" "sha512-iCuPHDFgrHX7H2vEI/5xpz07zSHB00TpugqhmYtVmMO6518mCuRMoOYFldEBl0g187ufozdaHgWKcYFb61qGiA=="
    "resolved" "https://registry.npmjs.org/brace-expansion/-/brace-expansion-1.1.11.tgz"
    "version" "1.1.11"
    dependencies:
      "balanced-match" "^1.0.0"
      "concat-map" "0.0.1"
  
  "braces@^3.0.2", "braces@~3.0.2":
    "integrity" "sha512-b8um+L1RzM3WDSzvhm6gIz1yfTbBt6YTlcEKAvsmqCZZFw46z626lVj9j1yEPW33H5H+lBQpZMP1k8l+78Ha0A=="
    "resolved" "https://registry.npmjs.org/braces/-/braces-3.0.2.tgz"
    "version" "3.0.2"
    dependencies:
      "fill-range" "^7.0.1"
  
  "browserslist@^4.21.3", "browserslist@^4.21.4", "browserslist@>= 4.21.0":
    "integrity" "sha512-CBHJJdDmgjl3daYjN5Cp5kbTf1mUhZoS+beLklHIvkOWscs83YAhLlF3Wsh/lciQYAcbBJgTOD44VtG31ZM4Hw=="
    "resolved" "https://registry.npmjs.org/browserslist/-/browserslist-4.21.4.tgz"
    "version" "4.21.4"
    dependencies:
      "caniuse-lite" "^1.0.30001400"
      "electron-to-chromium" "^1.4.251"
      "node-releases" "^2.0.6"
      "update-browserslist-db" "^1.0.9"
  
  "builtin-modules@^1.1.1":
    "integrity" "sha512-wxXCdllwGhI2kCC0MnvTGYTMvnVZTvqgypkiTI8Pa5tcz2i6VqsqwYGgqwXji+4RgCzms6EajE4IxiUH6HH8nQ=="
    "resolved" "https://registry.npmjs.org/builtin-modules/-/builtin-modules-1.1.1.tgz"
    "version" "1.1.1"
  
  "callsites@^3.0.0":
    "integrity" "sha512-P8BjAsXvZS+VIDUI11hHCQEv74YT67YUi5JJFNWIqL235sBmjX4+qx9Muvls5ivyNENctx46xQLQ3aTuE7ssaQ=="
    "resolved" "https://registry.npmjs.org/callsites/-/callsites-3.1.0.tgz"
    "version" "3.1.0"
  
  "camelcase-css@^2.0.1":
    "integrity" "sha512-QOSvevhslijgYwRx6Rv7zKdMF8lbRmx+uQGx2+vDc+KI/eBnsy9kit5aj23AgGu3pa4t9AgwbnXWqS+iOY+2aA=="
    "resolved" "https://registry.npmjs.org/camelcase-css/-/camelcase-css-2.0.1.tgz"
    "version" "2.0.1"
  
  "camelcase@^5.0.0":
    "integrity" "sha512-L28STB170nwWS63UjtlEOE3dldQApaJXZkOI1uMFfzf3rRuPegHaHesyee+YxQ+W6SvRDQV6UrdOdRiR153wJg=="
    "resolved" "https://registry.npmjs.org/camelcase/-/camelcase-5.3.1.tgz"
    "version" "5.3.1"
  
  "camelize@^1.0.0":
    "integrity" "sha512-dU+Tx2fsypxTgtLoE36npi3UqcjSSMNYfkqgmoEhtZrraP5VWq0K7FkWVTYa8eMPtnU/G2txVsfdCJTn9uzpuQ=="
    "resolved" "https://registry.npmjs.org/camelize/-/camelize-1.0.1.tgz"
    "version" "1.0.1"
  
  "caniuse-lite@^1.0.30001400", "caniuse-lite@^1.0.30001426":
    "integrity" "sha512-aOBHrLmTQw//WFa2rcF1If9fa3ypkC1wzqqiKHgfdrXTWcU8C4gKVZT77eQAPWN1APys3+uQ0Df07rKauXGEYA=="
    "resolved" "https://registry.npmjs.org/caniuse-lite/-/caniuse-lite-1.0.30001434.tgz"
    "version" "1.0.30001434"
  
  "chalk@^2.0.0", "chalk@^2.3.0":
    "integrity" "sha512-Mti+f9lpJNcwF4tWV8/OrTTtF1gZi+f8FqlyAdouralcFWFQWF2+NgCHShjkCb+IFBLq9buZwE1xckQU4peSuQ=="
    "resolved" "https://registry.npmjs.org/chalk/-/chalk-2.4.2.tgz"
    "version" "2.4.2"
    dependencies:
      "ansi-styles" "^3.2.1"
      "escape-string-regexp" "^1.0.5"
      "supports-color" "^5.3.0"
  
  "chokidar@^3.5.3":
    "integrity" "sha512-Dr3sfKRP6oTcjf2JmUmFJfeVMvXBdegxB0iVQ5eb2V10uFJUCAS8OByZdVAyVb8xXNz3GjjTgj9kLWsZTqE6kw=="
    "resolved" "https://registry.npmjs.org/chokidar/-/chokidar-3.5.3.tgz"
    "version" "3.5.3"
    dependencies:
      "anymatch" "~3.1.2"
      "braces" "~3.0.2"
      "glob-parent" "~5.1.2"
      "is-binary-path" "~2.1.0"
      "is-glob" "~4.0.1"
      "normalize-path" "~3.0.0"
      "readdirp" "~3.6.0"
    optionalDependencies:
      "fsevents" "~2.3.2"
  
  "clsx@^1.1.1":
    "integrity" "sha512-EcR6r5a8bj6pu3ycsa/E/cKVGuTgZJZdsyUYHOksG/UHIiKfjxzRxYJpyVBwYaQeOvghal9fcc4PidlgzugAQg=="
    "resolved" "https://registry.npmjs.org/clsx/-/clsx-1.2.1.tgz"
    "version" "1.2.1"
  
  "color-convert@^1.9.0":
    "integrity" "sha512-QfAUtd+vFdAtFQcC8CCyYt1fYWxSqAiK2cSD6zDB8N3cpsEBAvRxp9zOGg6G/SHHJYAT88/az/IuDGALsNVbGg=="
    "resolved" "https://registry.npmjs.org/color-convert/-/color-convert-1.9.3.tgz"
    "version" "1.9.3"
    dependencies:
      "color-name" "1.1.3"
  
  "color-name@^1.1.4":
    "integrity" "sha512-dOy+3AuW3a2wNbZHIuMZpTcgjGuLU/uBL/ubcZF9OXbDo8ff4O8yVp5Bf0efS8uEoYo5q4Fx7dY9OgQGXgAsQA=="
    "resolved" "https://registry.npmjs.org/color-name/-/color-name-1.1.4.tgz"
    "version" "1.1.4"
  
  "color-name@1.1.3":
    "integrity" "sha512-72fSenhMw2HZMTVHeCA9KCmpEIbzWiQsjN+BHcBbS9vr1mtt+vJjPdksIBNUmKAW8TFUDPJK5SUU3QhE9NEXDw=="
    "resolved" "https://registry.npmjs.org/color-name/-/color-name-1.1.3.tgz"
    "version" "1.1.3"
  
  "commander@^2.12.1":
    "integrity" "sha512-GpVkmM8vF2vQUkj2LvZmD35JxeJOLCwJ9cUkugyk2nuhbv3+mJvpLYYt+0+USMxE+oj+ey/lJEnhZw75x/OMcQ=="
    "resolved" "https://registry.npmjs.org/commander/-/commander-2.20.3.tgz"
    "version" "2.20.3"
  
  "concat-map@0.0.1":
    "integrity" "sha512-/Srv4dswyQNBfohGpz9o6Yb3Gz3SrUDqBH5rTuhGR7ahtlbYKnVxw2bCFMRljaA7EXHaXZ8wsHdodFvbkhKmqg=="
    "resolved" "https://registry.npmjs.org/concat-map/-/concat-map-0.0.1.tgz"
    "version" "0.0.1"
  
  "convert-source-map@^1.5.0", "convert-source-map@^1.7.0":
    "integrity" "sha512-ASFBup0Mz1uyiIjANan1jzLQami9z1PoYSZCiiYW2FczPbenXc45FZdBZLzOT+r6+iciuEModtmCti+hjaAk0A=="
    "resolved" "https://registry.npmjs.org/convert-source-map/-/convert-source-map-1.9.0.tgz"
    "version" "1.9.0"
  
  "cosmiconfig@^6.0.0":
    "integrity" "sha512-xb3ZL6+L8b9JLLCx3ZdoZy4+2ECphCMo2PwqgP1tlfVq6M6YReyzBJtvWWtbDSpNr9hn96pkCiZqUcFEc+54Qg=="
    "resolved" "https://registry.npmjs.org/cosmiconfig/-/cosmiconfig-6.0.0.tgz"
    "version" "6.0.0"
    dependencies:
      "@types/parse-json" "^4.0.0"
      "import-fresh" "^3.1.0"
      "parse-json" "^5.0.0"
      "path-type" "^4.0.0"
      "yaml" "^1.7.2"
  
  "css-color-keywords@^1.0.0":
    "integrity" "sha512-FyyrDHZKEjXDpNJYvVsV960FiqQyXc/LlYmsxl2BcdMb2WPx0OGRVgTg55rPSyLSNMqP52R9r8geSp7apN3Ofg=="
    "resolved" "https://registry.npmjs.org/css-color-keywords/-/css-color-keywords-1.0.0.tgz"
    "version" "1.0.0"
  
  "css-to-react-native@^3.0.0":
    "integrity" "sha512-Ro1yETZA813eoyUp2GDBhG2j+YggidUmzO1/v9eYBKR2EHVEniE2MI/NqpTQ954BMpTPZFsGNPm46qFB9dpaPQ=="
    "resolved" "https://registry.npmjs.org/css-to-react-native/-/css-to-react-native-3.0.0.tgz"
    "version" "3.0.0"
    dependencies:
      "camelize" "^1.0.0"
      "css-color-keywords" "^1.0.0"
      "postcss-value-parser" "^4.0.2"
  
  "cssesc@^3.0.0":
    "integrity" "sha512-/Tb/JcjK111nNScGob5MNtsntNM1aCNUDipB/TkwZFhyDrrE47SOx/18wF2bbjgc3ZzCSKW1T5nt5EbFoAz/Vg=="
    "resolved" "https://registry.npmjs.org/cssesc/-/cssesc-3.0.0.tgz"
    "version" "3.0.0"
  
  "csstype@^2.5.7":
    "integrity" "sha512-Z1PhmomIfypOpoMjRQB70jfvy/wxT50qW08YXO5lMIJkrdq4yOTR+AW7FqutScmB9NkLwxo+jU+kZLbofZZq/w=="
    "resolved" "https://registry.npmjs.org/csstype/-/csstype-2.6.21.tgz"
    "version" "2.6.21"
  
  "csstype@^3.0.2":
    "integrity" "sha512-DJR/VvkAvSZW9bTouZue2sSxDwdTN92uHjqeKVm+0dAqdfNykRzQ95tay8aXMBAAPpUiq4Qcug2L7neoRh2Egw=="
    "resolved" "https://registry.npmjs.org/csstype/-/csstype-3.1.1.tgz"
    "version" "3.1.1"
  
  "debug@^4.1.0":
    "integrity" "sha512-PRWFHuSU3eDtQJPvnNY7Jcket1j0t5OuOsFzPPzsekD52Zl8qUfFIPEiswXqIvHWGVHOgX+7G/vCNNhehwxfkQ=="
    "resolved" "https://registry.npmjs.org/debug/-/debug-4.3.4.tgz"
    "version" "4.3.4"
    dependencies:
      "ms" "2.1.2"
  
  "defined@^1.0.0":
    "integrity" "sha512-hsBd2qSVCRE+5PmNdHt1uzyrFu5d3RwmFDKzyNZMFq/EwDNJF7Ee5+D5oEKF0hU6LhtoUF1macFvOe4AskQC1Q=="
    "resolved" "https://registry.npmjs.org/defined/-/defined-1.0.1.tgz"
    "version" "1.0.1"
  
  "detective@^5.2.1":
    "integrity" "sha512-v9XE1zRnz1wRtgurGu0Bs8uHKFSTdteYZNbIPFVhUZ39L/S79ppMpdmVOZAnoz1jfEFodc48n6MX483Xo3t1yw=="
    "resolved" "https://registry.npmjs.org/detective/-/detective-5.2.1.tgz"
    "version" "5.2.1"
    dependencies:
      "acorn-node" "^1.8.2"
      "defined" "^1.0.0"
      "minimist" "^1.2.6"
  
  "didyoumean@^1.2.2":
    "integrity" "sha512-gxtyfqMg7GKyhQmb056K7M3xszy/myH8w+B4RT+QXBQsvAOdc3XymqDDPHx1BgPgsdAA5SIifona89YtRATDzw=="
    "resolved" "https://registry.npmjs.org/didyoumean/-/didyoumean-1.2.2.tgz"
    "version" "1.2.2"
  
  "diff@^4.0.1":
    "integrity" "sha512-58lmxKSA4BNyLz+HHMUzlOEpg09FV+ev6ZMe3vJihgdxzgcwZ8VoEEPmALCZG9LmqfVoNMMKpttIYTVG6uDY7A=="
    "resolved" "https://registry.npmjs.org/diff/-/diff-4.0.2.tgz"
    "version" "4.0.2"
  
  "dlv@^1.1.3":
    "integrity" "sha512-+HlytyjlPKnIG8XuRG8WvmBP8xs8P71y+SKKS6ZXWoEgLuePxtDoUEiH7WkdePWrQ5JBpE6aoVqfZfJUQkjXwA=="
    "resolved" "https://registry.npmjs.org/dlv/-/dlv-1.1.3.tgz"
    "version" "1.1.3"
  
  "dom-helpers@^5.0.1":
    "integrity" "sha512-nRCa7CK3VTrM2NmGkIy4cbK7IZlgBE/PYMn55rrXefr5xXDP0LdtfPnblFDoVdcAfslJ7or6iqAUnx0CCGIWQA=="
    "resolved" "https://registry.npmjs.org/dom-helpers/-/dom-helpers-5.2.1.tgz"
    "version" "5.2.1"
    dependencies:
      "@babel/runtime" "^7.8.7"
      "csstype" "^3.0.2"
  
  "electron-to-chromium@^1.4.251":
    "integrity" "sha512-M8WEXFuKXMYMVr45fo8mq0wUrrJHheiKZf6BArTKk9ZBYCKJEOU5H8cdWgDT+qCVZf7Na4lVUaZsA+h6uA9+PA=="
    "resolved" "https://registry.npmjs.org/electron-to-chromium/-/electron-to-chromium-1.4.284.tgz"
    "version" "1.4.284"
  
  "error-ex@^1.3.1":
    "integrity" "sha512-7dFHNmqeFSEt2ZBsCriorKnn3Z2pj+fd9kmI6QoWw4//DL+icEBfc0U7qJCisqrTsKTjw4fNFy2pW9OqStD84g=="
    "resolved" "https://registry.npmjs.org/error-ex/-/error-ex-1.3.2.tgz"
    "version" "1.3.2"
    dependencies:
      "is-arrayish" "^0.2.1"
  
  "esbuild-darwin-arm64@0.15.16":
    "integrity" "sha512-fMXaUr5ou0M4WnewBKsspMtX++C1yIa3nJ5R2LSbLCfJT3uFdcRoU/NZjoM4kOMKyOD9Sa/2vlgN8G07K3SJnw=="
    "resolved" "https://registry.npmjs.org/esbuild-darwin-arm64/-/esbuild-darwin-arm64-0.15.16.tgz"
    "version" "0.15.16"
  
  "esbuild@^0.15.9":
    "integrity" "sha512-o6iS9zxdHrrojjlj6pNGC2NAg86ECZqIETswTM5KmJitq+R1YmahhWtMumeQp9lHqJaROGnsBi2RLawGnfo5ZQ=="
    "resolved" "https://registry.npmjs.org/esbuild/-/esbuild-0.15.16.tgz"
    "version" "0.15.16"
    optionalDependencies:
      "@esbuild/android-arm" "0.15.16"
      "@esbuild/linux-loong64" "0.15.16"
      "esbuild-android-64" "0.15.16"
      "esbuild-android-arm64" "0.15.16"
      "esbuild-darwin-64" "0.15.16"
      "esbuild-darwin-arm64" "0.15.16"
      "esbuild-freebsd-64" "0.15.16"
      "esbuild-freebsd-arm64" "0.15.16"
      "esbuild-linux-32" "0.15.16"
      "esbuild-linux-64" "0.15.16"
      "esbuild-linux-arm" "0.15.16"
      "esbuild-linux-arm64" "0.15.16"
      "esbuild-linux-mips64le" "0.15.16"
      "esbuild-linux-ppc64le" "0.15.16"
      "esbuild-linux-riscv64" "0.15.16"
      "esbuild-linux-s390x" "0.15.16"
      "esbuild-netbsd-64" "0.15.16"
      "esbuild-openbsd-64" "0.15.16"
      "esbuild-sunos-64" "0.15.16"
      "esbuild-windows-32" "0.15.16"
      "esbuild-windows-64" "0.15.16"
      "esbuild-windows-arm64" "0.15.16"
  
  "escalade@^3.1.1":
    "integrity" "sha512-k0er2gUkLf8O0zKJiAhmkTnJlTvINGv7ygDNPbeIsX/TJjGJZHuh9B2UxbsaEkmlEo9MfhrSzmhIlhRlI2GXnw=="
    "resolved" "https://registry.npmjs.org/escalade/-/escalade-3.1.1.tgz"
    "version" "3.1.1"
  
  "escape-string-regexp@^1.0.5":
    "integrity" "sha512-vbRorB5FUQWvla16U8R/qgaFIya2qGzwDrNmCZuYKrbdSUMG6I1ZCGQRefkRVhuOkIGVne7BQ35DSfo1qvJqFg=="
    "resolved" "https://registry.npmjs.org/escape-string-regexp/-/escape-string-regexp-1.0.5.tgz"
    "version" "1.0.5"
  
  "esprima@^4.0.0":
    "integrity" "sha512-eGuFFw7Upda+g4p+QHvnW0RyTX/SVeJBDM/gCtMARO0cLuT2HcEKnTPvhjV6aGeqrCB/sbNop0Kszm0jsaWU4A=="
    "resolved" "https://registry.npmjs.org/esprima/-/esprima-4.0.1.tgz"
    "version" "4.0.1"
  
  "fast-glob@^3.2.12":
    "integrity" "sha512-DVj4CQIYYow0BlaelwK1pHl5n5cRSJfM60UA0zK891sVInoPri2Ekj7+e1CT3/3qxXenpI+nBBmQAcJPJgaj4w=="
    "resolved" "https://registry.npmjs.org/fast-glob/-/fast-glob-3.2.12.tgz"
    "version" "3.2.12"
    dependencies:
      "@nodelib/fs.stat" "^2.0.2"
      "@nodelib/fs.walk" "^1.2.3"
      "glob-parent" "^5.1.2"
      "merge2" "^1.3.0"
      "micromatch" "^4.0.4"
  
  "fastq@^1.6.0":
    "integrity" "sha512-YpkpUnK8od0o1hmeSc7UUs/eB/vIPWJYjKck2QKIzAf71Vm1AAQ3EbuZB3g2JIy+pg+ERD0vqI79KyZiB2e2Nw=="
    "resolved" "https://registry.npmjs.org/fastq/-/fastq-1.13.0.tgz"
    "version" "1.13.0"
    dependencies:
      "reusify" "^1.0.4"
  
  "fill-range@^7.0.1":
    "integrity" "sha512-qOo9F+dMUmC2Lcb4BbVvnKJxTPjCm+RRpe4gDuGrzkL7mEVl/djYSu2OdQ2Pa302N4oqkSg9ir6jaLWJ2USVpQ=="
    "resolved" "https://registry.npmjs.org/fill-range/-/fill-range-7.0.1.tgz"
    "version" "7.0.1"
    dependencies:
      "to-regex-range" "^5.0.1"
  
  "find-root@^1.1.0":
    "integrity" "sha512-NKfW6bec6GfKc0SGx1e07QZY9PE99u0Bft/0rzSD5k3sO/vwkVUpDUKVm5Gpp5Ue3YfShPFTX2070tDs5kB9Ng=="
    "resolved" "https://registry.npmjs.org/find-root/-/find-root-1.1.0.tgz"
    "version" "1.1.0"
  
  "fraction.js@^4.2.0":
    "integrity" "sha512-MhLuK+2gUcnZe8ZHlaaINnQLl0xRIGRfcGk2yl8xoQAfHrSsL3rYu6FCmBdkdbhc9EPlwyGHewaRsvwRMJtAlA=="
    "resolved" "https://registry.npmjs.org/fraction.js/-/fraction.js-4.2.0.tgz"
    "version" "4.2.0"
  
  "fs.realpath@^1.0.0":
    "integrity" "sha512-OO0pH2lK6a0hZnAdau5ItzHPI6pUlvI7jMVnxUQRtw4owF2wk8lOSabtGDCTP4Ggrg2MbGnWO9X8K1t4+fGMDw=="
    "resolved" "https://registry.npmjs.org/fs.realpath/-/fs.realpath-1.0.0.tgz"
    "version" "1.0.0"
  
  "fsevents@~2.3.2":
    "integrity" "sha512-xiqMQR4xAeHTuB9uWm+fFRcIOgKBMiOBP+eXiyT7jsgVCq1bkVygt00oASowB7EdtpOHaaPgKt812P9ab+DDKA=="
    "resolved" "https://registry.npmjs.org/fsevents/-/fsevents-2.3.2.tgz"
    "version" "2.3.2"
  
  "function-bind@^1.1.1":
    "integrity" "sha512-yIovAzMX49sF8Yl58fSCWJ5svSLuaibPxXQJFLmBObTuCr0Mf1KiPopGM9NiFjiYBCbfaa2Fh6breQ6ANVTI0A=="
    "resolved" "https://registry.npmjs.org/function-bind/-/function-bind-1.1.1.tgz"
    "version" "1.1.1"
  
  "gensync@^1.0.0-beta.2":
    "integrity" "sha512-3hN7NaskYvMDLQY55gnW3NQ+mesEAepTqlg+VEbj7zzqEMBVNhzcGYYeqFo/TlYz6eQiFcp1HcsCZO+nGgS8zg=="
    "resolved" "https://registry.npmjs.org/gensync/-/gensync-1.0.0-beta.2.tgz"
    "version" "1.0.0-beta.2"
  
  "glob-parent@^5.1.2":
    "integrity" "sha512-AOIgSQCepiJYwP3ARnGx+5VnTu2HBYdzbGP45eLw1vr3zB3vZLeyed1sC9hnbcOc9/SrMyM5RPQrkGz4aS9Zow=="
    "resolved" "https://registry.npmjs.org/glob-parent/-/glob-parent-5.1.2.tgz"
    "version" "5.1.2"
    dependencies:
      "is-glob" "^4.0.1"
  
  "glob-parent@^6.0.2":
    "integrity" "sha512-XxwI8EOhVQgWp6iDL+3b0r86f4d6AX6zSU55HfB4ydCEuXLXc5FcYeOu+nnGftS4TEju/11rt4KJPTMgbfmv4A=="
    "resolved" "https://registry.npmjs.org/glob-parent/-/glob-parent-6.0.2.tgz"
    "version" "6.0.2"
    dependencies:
      "is-glob" "^4.0.3"
  
  "glob-parent@~5.1.2":
    "integrity" "sha512-AOIgSQCepiJYwP3ARnGx+5VnTu2HBYdzbGP45eLw1vr3zB3vZLeyed1sC9hnbcOc9/SrMyM5RPQrkGz4aS9Zow=="
    "resolved" "https://registry.npmjs.org/glob-parent/-/glob-parent-5.1.2.tgz"
    "version" "5.1.2"
    dependencies:
      "is-glob" "^4.0.1"
  
  "glob@^7.1.1":
    "integrity" "sha512-nFR0zLpU2YCaRxwoCJvL6UvCH2JFyFVIvwTLsIf21AuHlMskA1hhTdk+LlYJtOlYt9v6dvszD2BGRqBL+iQK9Q=="
    "resolved" "https://registry.npmjs.org/glob/-/glob-7.2.3.tgz"
    "version" "7.2.3"
    dependencies:
      "fs.realpath" "^1.0.0"
      "inflight" "^1.0.4"
      "inherits" "2"
      "minimatch" "^3.1.1"
      "once" "^1.3.0"
      "path-is-absolute" "^1.0.0"
  
  "globals@^11.1.0":
    "integrity" "sha512-WOBp/EEGUiIsJSp7wcv/y6MO+lV9UoncWqxuFfm8eBwzWNgyfBd6Gz+IeKQ9jCmyhoH99g15M3T+QaVHFjizVA=="
    "resolved" "https://registry.npmjs.org/globals/-/globals-11.12.0.tgz"
    "version" "11.12.0"
  
  "has-flag@^3.0.0":
    "integrity" "sha512-sKJf1+ceQBr4SMkvQnBDNDtf4TXpVhVGateu0t918bl30FnbE2m4vNLX+VWe/dpjlb+HugGYzW7uQXH98HPEYw=="
    "resolved" "https://registry.npmjs.org/has-flag/-/has-flag-3.0.0.tgz"
    "version" "3.0.0"
  
  "has@^1.0.3":
    "integrity" "sha512-f2dvO0VU6Oej7RkWJGrehjbzMAjFp5/VKPp5tTpWIV4JHHZK1/BxbFRtf/siA2SWTe09caDmVtYYzWEIbBS4zw=="
    "resolved" "https://registry.npmjs.org/has/-/has-1.0.3.tgz"
    "version" "1.0.3"
    dependencies:
      "function-bind" "^1.1.1"
  
  "hoist-non-react-statics@^3.0.0", "hoist-non-react-statics@^3.3.0":
    "integrity" "sha512-/gGivxi8JPKWNm/W0jSmzcMPpfpPLc3dY/6GxhX2hQ9iGj3aDfklV4ET7NjKpSinLpJ5vafa9iiGIEZg10SfBw=="
    "resolved" "https://registry.npmjs.org/hoist-non-react-statics/-/hoist-non-react-statics-3.3.2.tgz"
    "version" "3.3.2"
    dependencies:
      "react-is" "^16.7.0"
  
  "import-fresh@^3.1.0":
    "integrity" "sha512-veYYhQa+D1QBKznvhUHxb8faxlrwUnxseDAbAp457E0wLNio2bOSKnjYDhMj+YiAq61xrMGhQk9iXVk5FzgQMw=="
    "resolved" "https://registry.npmjs.org/import-fresh/-/import-fresh-3.3.0.tgz"
    "version" "3.3.0"
    dependencies:
      "parent-module" "^1.0.0"
      "resolve-from" "^4.0.0"
  
  "inflight@^1.0.4":
    "integrity" "sha512-k92I/b08q4wvFscXCLvqfsHCrjrF7yiXsQuIVvVE7N82W3+aqpzuUdBbfhWcy/FZR3/4IgflMgKLOsvPDrGCJA=="
    "resolved" "https://registry.npmjs.org/inflight/-/inflight-1.0.6.tgz"
    "version" "1.0.6"
    dependencies:
      "once" "^1.3.0"
      "wrappy" "1"
  
  "inherits@2":
    "integrity" "sha512-k/vGaX4/Yla3WzyMCvTQOXYeIHvqOKtnqBduzTHpzpQZzAskKMhZ2K+EnBiSM9zGSoIFeMpXKxa4dYeZIQqewQ=="
    "resolved" "https://registry.npmjs.org/inherits/-/inherits-2.0.4.tgz"
    "version" "2.0.4"
  
  "is-arrayish@^0.2.1":
    "integrity" "sha512-zz06S8t0ozoDXMG+ube26zeCTNXcKIPJZJi8hBrF4idCLms4CG9QtK7qBl1boi5ODzFpjswb5JPmHCbMpjaYzg=="
    "resolved" "https://registry.npmjs.org/is-arrayish/-/is-arrayish-0.2.1.tgz"
    "version" "0.2.1"
  
  "is-binary-path@~2.1.0":
    "integrity" "sha512-ZMERYes6pDydyuGidse7OsHxtbI7WVeUEozgR/g7rd0xUimYNlvZRE/K2MgZTjWy725IfelLeVcEM97mmtRGXw=="
    "resolved" "https://registry.npmjs.org/is-binary-path/-/is-binary-path-2.1.0.tgz"
    "version" "2.1.0"
    dependencies:
      "binary-extensions" "^2.0.0"
  
  "is-core-module@^2.9.0":
    "integrity" "sha512-RRjxlvLDkD1YJwDbroBHMb+cukurkDWNyHx7D3oNB5x9rb5ogcksMC5wHCadcXoo67gVr/+3GFySh3134zi6rw=="
    "resolved" "https://registry.npmjs.org/is-core-module/-/is-core-module-2.11.0.tgz"
    "version" "2.11.0"
    dependencies:
      "has" "^1.0.3"
  
  "is-extglob@^2.1.1":
    "integrity" "sha512-SbKbANkN603Vi4jEZv49LeVJMn4yGwsbzZworEoyEiutsN3nJYdbO36zfhGJ6QEDpOZIFkDtnq5JRxmvl3jsoQ=="
    "resolved" "https://registry.npmjs.org/is-extglob/-/is-extglob-2.1.1.tgz"
    "version" "2.1.1"
  
  "is-glob@^4.0.1", "is-glob@^4.0.3", "is-glob@~4.0.1":
    "integrity" "sha512-xelSayHH36ZgE7ZWhli7pW34hNbNl8Ojv5KVmkJD4hBdD3th8Tfk9vYasLM+mXWOZhFkgZfxhLSnrwRr4elSSg=="
    "resolved" "https://registry.npmjs.org/is-glob/-/is-glob-4.0.3.tgz"
    "version" "4.0.3"
    dependencies:
      "is-extglob" "^2.1.1"
  
  "is-number@^7.0.0":
    "integrity" "sha512-41Cifkg6e8TylSpdtTpeLVMqvSBEVzTttHvERD741+pnZ8ANv0004MRL43QKPDlK9cGvNp6NZWZUBlbGXYxxng=="
    "resolved" "https://registry.npmjs.org/is-number/-/is-number-7.0.0.tgz"
    "version" "7.0.0"
  
  "js-tokens@^3.0.0 || ^4.0.0", "js-tokens@^4.0.0":
    "integrity" "sha512-RdJUflcE3cUzKiMqQgsCu06FPu9UdIJO0beYbPhHN4k6apgJtifcoCtT9bcxOpYBtpD2kCM6Sbzg4CausW/PKQ=="
    "resolved" "https://registry.npmjs.org/js-tokens/-/js-tokens-4.0.0.tgz"
    "version" "4.0.0"
  
  "js-yaml@^3.13.1":
    "integrity" "sha512-okMH7OXXJ7YrN9Ok3/SXrnu4iX9yOk+25nqX4imS2npuvTYDmo/QEZoqwZkYaIDk3jVvBOTOIEgEhaLOynBS9g=="
    "resolved" "https://registry.npmjs.org/js-yaml/-/js-yaml-3.14.1.tgz"
    "version" "3.14.1"
    dependencies:
      "argparse" "^1.0.7"
      "esprima" "^4.0.0"
  
  "jsesc@^2.5.1":
    "integrity" "sha512-OYu7XEzjkCQ3C5Ps3QIZsQfNpqoJyZZA99wd9aWd05NCtC5pWOkShK2mkL6HXQR6/Cy2lbNdPlZBpuQHXE63gA=="
    "resolved" "https://registry.npmjs.org/jsesc/-/jsesc-2.5.2.tgz"
    "version" "2.5.2"
  
  "json-parse-even-better-errors@^2.3.0":
    "integrity" "sha512-xyFwyhro/JEof6Ghe2iz2NcXoj2sloNsWr/XsERDK/oiPCfaNhl5ONfp+jQdAZRQQ0IJWNzH9zIZF7li91kh2w=="
    "resolved" "https://registry.npmjs.org/json-parse-even-better-errors/-/json-parse-even-better-errors-2.3.1.tgz"
    "version" "2.3.1"
  
  "json5@^2.2.1":
    "integrity" "sha512-1hqLFMSrGHRHxav9q9gNjJ5EXznIxGVO09xQRrwplcS8qs28pZ8s8hupZAmqDwZUmVZ2Qb2jnyPOWcDH8m8dlA=="
    "resolved" "https://registry.npmjs.org/json5/-/json5-2.2.1.tgz"
    "version" "2.2.1"
  
  "lilconfig@^2.0.5", "lilconfig@^2.0.6":
    "integrity" "sha512-9JROoBW7pobfsx+Sq2JsASvCo6Pfo6WWoUW79HuB1BCoBXD4PLWJPqDF6fNj67pqBYTbAHkE57M1kS/+L1neOg=="
    "resolved" "https://registry.npmjs.org/lilconfig/-/lilconfig-2.0.6.tgz"
    "version" "2.0.6"
  
  "lines-and-columns@^1.1.6":
    "integrity" "sha512-7ylylesZQ/PV29jhEDl3Ufjo6ZX7gCqJr5F7PKrqc93v7fzSymt1BpwEU8nAUXs8qzzvqhbjhK5QZg6Mt/HkBg=="
    "resolved" "https://registry.npmjs.org/lines-and-columns/-/lines-and-columns-1.2.4.tgz"
    "version" "1.2.4"
  
  "lodash@^4.17.11":
    "integrity" "sha512-v2kDEe57lecTulaDIuNTPy3Ry4gLGJ6Z1O3vE1krgXZNrsQ+LFTGHVxVjcXPs17LhbZVGedAJv8XZ1tvj5FvSg=="
    "resolved" "https://registry.npmjs.org/lodash/-/lodash-4.17.21.tgz"
    "version" "4.17.21"
  
  "loose-envify@^1.1.0", "loose-envify@^1.3.1", "loose-envify@^1.4.0":
    "integrity" "sha512-lyuxPGr/Wfhrlem2CL/UcnUc1zcqKAImBDzukY7Y5F/yQiNdko6+fRLevlw1HgMySw7f611UIY408EtxRSoK3Q=="
    "resolved" "https://registry.npmjs.org/loose-envify/-/loose-envify-1.4.0.tgz"
    "version" "1.4.0"
    dependencies:
      "js-tokens" "^3.0.0 || ^4.0.0"
  
  "magic-string@^0.26.7":
    "integrity" "sha512-hX9XH3ziStPoPhJxLq1syWuZMxbDvGNbVchfrdCtanC7D13888bMFow61x8axrx+GfHLtVeAx2kxL7tTGRl+Ow=="
    "resolved" "https://registry.npmjs.org/magic-string/-/magic-string-0.26.7.tgz"
    "version" "0.26.7"
    dependencies:
      "sourcemap-codec" "^1.4.8"
  
  "memoize-one@^5.0.0":
    "integrity" "sha512-zYiwtZUcYyXKo/np96AGZAckk+FWWsUdJ3cHGGmld7+AhvcWmQyGCYUh1hc4Q/pkOhb65dQR/pqCyK0cOaHz4Q=="
    "resolved" "https://registry.npmjs.org/memoize-one/-/memoize-one-5.2.1.tgz"
    "version" "5.2.1"
  
  "merge2@^1.3.0":
    "integrity" "sha512-8q7VEgMJW4J8tcfVPy8g09NcQwZdbwFEqhe/WZkoIzjn/3TGDwtOCYtXGxA3O8tPzpczCCDgv+P2P5y00ZJOOg=="
    "resolved" "https://registry.npmjs.org/merge2/-/merge2-1.4.1.tgz"
    "version" "1.4.1"
  
  "micromatch@^4.0.4", "micromatch@^4.0.5":
    "integrity" "sha512-DMy+ERcEW2q8Z2Po+WNXuw3c5YaUSFjAO5GsJqfEl7UjvtIuFKO6ZrKvcItdy98dwFI2N1tg3zNIdKaQT+aNdA=="
    "resolved" "https://registry.npmjs.org/micromatch/-/micromatch-4.0.5.tgz"
    "version" "4.0.5"
    dependencies:
      "braces" "^3.0.2"
      "picomatch" "^2.3.1"
  
  "minimatch@^3.0.4", "minimatch@^3.1.1":
    "integrity" "sha512-J7p63hRiAjw1NDEww1W7i37+ByIrOWO5XQQAzZ3VOcL0PNybwpfmV/N05zFAzwQ9USyEcX6t3UO+K5aqBQOIHw=="
    "resolved" "https://registry.npmjs.org/minimatch/-/minimatch-3.1.2.tgz"
    "version" "3.1.2"
    dependencies:
      "brace-expansion" "^1.1.7"
  
  "minimist@^1.2.6":
    "integrity" "sha512-bzfL1YUZsP41gmu/qjrEk0Q6i2ix/cVeAhbCbqH9u3zYutS1cLg00qhrD0M2MVdCcx4Sc0UpP2eBWo9rotpq6g=="
    "resolved" "https://registry.npmjs.org/minimist/-/minimist-1.2.7.tgz"
    "version" "1.2.7"
  
  "mkdirp@^0.5.1":
    "integrity" "sha512-FP+p8RB8OWpF3YZBCrP5gtADmtXApB5AMLn+vdyA+PyxCjrCs00mjyUozssO33cwDeT3wNGdLxJ5M//YqtHAJw=="
    "resolved" "https://registry.npmjs.org/mkdirp/-/mkdirp-0.5.6.tgz"
    "version" "0.5.6"
    dependencies:
      "minimist" "^1.2.6"
  
  "ms@2.1.2":
    "integrity" "sha512-sGkPx+VjMtmA6MX27oA4FBFELFCZZ4S4XqeGOXCv68tT+jb3vk/RyaKWP0PTKyWtmLSM0b+adUTEvbs1PEaH2w=="
    "resolved" "https://registry.npmjs.org/ms/-/ms-2.1.2.tgz"
    "version" "2.1.2"
  
  "nanoid@^3.3.4":
    "integrity" "sha512-MqBkQh/OHTS2egovRtLk45wEyNXwF+cokD+1YPf9u5VfJiRdAiRwB2froX5Co9Rh20xs4siNPm8naNotSD6RBw=="
    "resolved" "https://registry.npmjs.org/nanoid/-/nanoid-3.3.4.tgz"
    "version" "3.3.4"
  
  "node-releases@^2.0.6":
    "integrity" "sha512-PiVXnNuFm5+iYkLBNeq5211hvO38y63T0i2KKh2KnUs3RpzJ+JtODFjkD8yjLwnDkTYF1eKXheUwdssR+NRZdg=="
    "resolved" "https://registry.npmjs.org/node-releases/-/node-releases-2.0.6.tgz"
    "version" "2.0.6"
  
  "normalize-path@^3.0.0", "normalize-path@~3.0.0":
    "integrity" "sha512-6eZs5Ls3WtCisHWp9S2GUy8dqkpGi4BVSz3GaqiE6ezub0512ESztXUwUB6C6IKbQkY2Pnb/mD4WYojCRwcwLA=="
    "resolved" "https://registry.npmjs.org/normalize-path/-/normalize-path-3.0.0.tgz"
    "version" "3.0.0"
  
  "normalize-range@^0.1.2":
    "integrity" "sha512-bdok/XvKII3nUpklnV6P2hxtMNrCboOjAcyBuQnWEhO665FwrSNRxU+AqpsyvO6LgGYPspN+lu5CLtw4jPRKNA=="
    "resolved" "https://registry.npmjs.org/normalize-range/-/normalize-range-0.1.2.tgz"
    "version" "0.1.2"
  
  "object-assign@^4.1.1":
    "integrity" "sha512-rJgTQnkUnH1sFw8yT6VSU3zD3sWmu6sZhIseY8VX+GRu3P6F7Fu+JNDoXfklElbLJSnc3FUQHVe4cU5hj+BcUg=="
    "resolved" "https://registry.npmjs.org/object-assign/-/object-assign-4.1.1.tgz"
    "version" "4.1.1"
  
  "object-hash@^3.0.0":
    "integrity" "sha512-RSn9F68PjH9HqtltsSnqYC1XXoWe9Bju5+213R98cNGttag9q9yAOTzdbsqvIa7aNm5WffBZFpWYr2aWrklWAw=="
    "resolved" "https://registry.npmjs.org/object-hash/-/object-hash-3.0.0.tgz"
    "version" "3.0.0"
  
  "once@^1.3.0":
    "integrity" "sha512-lNaJgI+2Q5URQBkccEKHTQOPaXdUxnZZElQTZY0MFUAuaEqe1E+Nyvgdz/aIyNi6Z9MzO5dv1H8n58/GELp3+w=="
    "resolved" "https://registry.npmjs.org/once/-/once-1.4.0.tgz"
    "version" "1.4.0"
    dependencies:
      "wrappy" "1"
  
  "parent-module@^1.0.0":
    "integrity" "sha512-GQ2EWRpQV8/o+Aw8YqtfZZPfNRWZYkbidE9k5rpl/hC3vtHHBfGm2Ifi6qWV+coDGkrUKZAxE3Lot5kcsRlh+g=="
    "resolved" "https://registry.npmjs.org/parent-module/-/parent-module-1.0.1.tgz"
    "version" "1.0.1"
    dependencies:
      "callsites" "^3.0.0"
  
  "parse-json@^5.0.0":
    "integrity" "sha512-ayCKvm/phCGxOkYRSCM82iDwct8/EonSEgCSxWxD7ve6jHggsFl4fZVQBPRNgQoKiuV/odhFrGzQXZwbifC8Rg=="
    "resolved" "https://registry.npmjs.org/parse-json/-/parse-json-5.2.0.tgz"
    "version" "5.2.0"
    dependencies:
      "@babel/code-frame" "^7.0.0"
      "error-ex" "^1.3.1"
      "json-parse-even-better-errors" "^2.3.0"
      "lines-and-columns" "^1.1.6"
  
  "path-is-absolute@^1.0.0":
    "integrity" "sha512-AVbw3UJ2e9bq64vSaS9Am0fje1Pa8pbGqTTsmXfaIiMpnr5DlDhfJOuLj9Sf95ZPVDAUerDfEk88MPmPe7UCQg=="
    "resolved" "https://registry.npmjs.org/path-is-absolute/-/path-is-absolute-1.0.1.tgz"
    "version" "1.0.1"
  
  "path-parse@^1.0.7":
    "integrity" "sha512-LDJzPVEEEPR+y48z93A0Ed0yXb8pAByGWo/k5YYdYgpY2/2EsOsksJrq7lOHxryrVOn1ejG6oAp8ahvOIQD8sw=="
    "resolved" "https://registry.npmjs.org/path-parse/-/path-parse-1.0.7.tgz"
    "version" "1.0.7"
  
  "path-type@^4.0.0":
    "integrity" "sha512-gDKb8aZMDeD/tZWs9P6+q0J9Mwkdl6xMV8TjnGP3qJVJ06bdMgkbBlLU8IdfOsIsFz2BW1rNVT3XuNEl8zPAvw=="
    "resolved" "https://registry.npmjs.org/path-type/-/path-type-4.0.0.tgz"
    "version" "4.0.0"
  
  "picocolors@^1.0.0":
    "integrity" "sha512-1fygroTLlHu66zi26VoTDv8yRgm0Fccecssto+MhsZ0D/DGW2sm8E8AjW7NU5VVTRt5GxbeZ5qBuJr+HyLYkjQ=="
    "resolved" "https://registry.npmjs.org/picocolors/-/picocolors-1.0.0.tgz"
    "version" "1.0.0"
  
  "picomatch@^2.0.4", "picomatch@^2.2.1", "picomatch@^2.3.0", "picomatch@^2.3.1":
    "integrity" "sha512-JU3teHTNjmE2VCGFzuY8EXzCDVwEqB2a8fsIvwaStHhAWJEeVd1o1QD80CU6+ZdEXXSLbSsuLwJjkCBWqRQUVA=="
    "resolved" "https://registry.npmjs.org/picomatch/-/picomatch-2.3.1.tgz"
    "version" "2.3.1"
  
  "pify@^2.3.0":
    "integrity" "sha512-udgsAY+fTnvv7kI7aaxbqwWNb0AHiB0qBO89PZKPkoTmGOgdbrHDKD+0B2X4uTfJ/FT1R09r9gTsjUjNJotuog=="
    "resolved" "https://registry.npmjs.org/pify/-/pify-2.3.0.tgz"
    "version" "2.3.0"
  
  "polished@^4.0.5":
    "integrity" "sha512-Sz2Lkdxz6F2Pgnpi9U5Ng/WdWAUZxmHrNPoVlm3aAemxoy2Qy7LGjQg4uf8qKelDAUW94F4np3iH2YPf2qefcQ=="
    "resolved" "https://registry.npmjs.org/polished/-/polished-4.2.2.tgz"
    "version" "4.2.2"
    dependencies:
      "@babel/runtime" "^7.17.8"
  
  "postcss-import@^14.1.0":
    "integrity" "sha512-flwI+Vgm4SElObFVPpTIT7SU7R3qk2L7PyduMcokiaVKuWv9d/U+Gm/QAd8NDLuykTWTkcrjOeD2Pp1rMeBTGw=="
    "resolved" "https://registry.npmjs.org/postcss-import/-/postcss-import-14.1.0.tgz"
    "version" "14.1.0"
    dependencies:
      "postcss-value-parser" "^4.0.0"
      "read-cache" "^1.0.0"
      "resolve" "^1.1.7"
  
  "postcss-js@^4.0.0":
    "integrity" "sha512-77QESFBwgX4irogGVPgQ5s07vLvFqWr228qZY+w6lW599cRlK/HmnlivnnVUxkjHnCu4J16PDMHcH+e+2HbvTQ=="
    "resolved" "https://registry.npmjs.org/postcss-js/-/postcss-js-4.0.0.tgz"
    "version" "4.0.0"
    dependencies:
      "camelcase-css" "^2.0.1"
  
  "postcss-load-config@^3.1.4":
    "integrity" "sha512-6DiM4E7v4coTE4uzA8U//WhtPwyhiim3eyjEMFCnUpzbrkK9wJHgKDT2mR+HbtSrd/NubVaYTOpSpjUl8NQeRg=="
    "resolved" "https://registry.npmjs.org/postcss-load-config/-/postcss-load-config-3.1.4.tgz"
    "version" "3.1.4"
    dependencies:
      "lilconfig" "^2.0.5"
      "yaml" "^1.10.2"
  
  "postcss-nested@6.0.0":
    "integrity" "sha512-0DkamqrPcmkBDsLn+vQDIrtkSbNkv5AD/M322ySo9kqFkCIYklym2xEmWkwo+Y3/qZo34tzEPNUw4y7yMCdv5w=="
    "resolved" "https://registry.npmjs.org/postcss-nested/-/postcss-nested-6.0.0.tgz"
    "version" "6.0.0"
    dependencies:
      "postcss-selector-parser" "^6.0.10"
  
  "postcss-selector-parser@^6.0.10":
    "integrity" "sha512-zbARubNdogI9j7WY4nQJBiNqQf3sLS3wCP4WfOidu+p28LofJqDH1tcXypGrcmMHhDk2t9wGhCsYe/+szLTy1g=="
    "resolved" "https://registry.npmjs.org/postcss-selector-parser/-/postcss-selector-parser-6.0.11.tgz"
    "version" "6.0.11"
    dependencies:
      "cssesc" "^3.0.0"
      "util-deprecate" "^1.0.2"
  
  "postcss-value-parser@^4.0.0", "postcss-value-parser@^4.0.2", "postcss-value-parser@^4.2.0":
    "integrity" "sha512-1NNCs6uurfkVbeXG4S8JFT9t19m45ICnif8zWLd5oPSZ50QnwMfK+H3jv408d4jw/7Bttv5axS5IiHoLaVNHeQ=="
    "resolved" "https://registry.npmjs.org/postcss-value-parser/-/postcss-value-parser-4.2.0.tgz"
    "version" "4.2.0"
  
  "postcss@^8.0.0", "postcss@^8.1.0", "postcss@^8.2.14", "postcss@^8.3.3", "postcss@^8.4.18", "postcss@^8.4.19", "postcss@>=8.0.9":
    "integrity" "sha512-h+pbPsyhlYj6N2ozBmHhHrs9DzGmbaarbLvWipMRO7RLS+v4onj26MPFXA5OBYFxyqYhUJK456SwDcY9H2/zsA=="
    "resolved" "https://registry.npmjs.org/postcss/-/postcss-8.4.19.tgz"
    "version" "8.4.19"
    dependencies:
      "nanoid" "^3.3.4"
      "picocolors" "^1.0.0"
      "source-map-js" "^1.0.2"
  
  "prop-types@^15.5.8", "prop-types@^15.6", "prop-types@^15.6.0", "prop-types@^15.6.2", "prop-types@15.6":
    "integrity" "sha512-3pboPvLiWD7dkI3qf3KbUe6hKFKa52w+AE0VCqECtf+QHAKgOL37tTaNCnuX1nAAQ4ZhyP+kYVKf8rLmJ/feDQ=="
    "resolved" "https://registry.npmjs.org/prop-types/-/prop-types-15.6.2.tgz"
    "version" "15.6.2"
    dependencies:
      "loose-envify" "^1.3.1"
      "object-assign" "^4.1.1"
  
  "prop-types@^15.7.2":
    "integrity" "sha512-oj87CgZICdulUohogVAR7AjlC0327U4el4L6eAvOqCeudMDVU0NThNaV+b9Df4dXgSP1gXMTnPdhfe/2qDH5cg=="
    "resolved" "https://registry.npmjs.org/prop-types/-/prop-types-15.8.1.tgz"
    "version" "15.8.1"
    dependencies:
      "loose-envify" "^1.4.0"
      "object-assign" "^4.1.1"
      "react-is" "^16.13.1"
  
  "queue-microtask@^1.2.2":
    "integrity" "sha512-NuaNSa6flKT5JaSYQzJok04JzTL1CA6aGhv5rfLW3PgqA+M2ChpZQnAC8h8i4ZFkBS8X5RqkDBHA7r4hej3K9A=="
    "resolved" "https://registry.npmjs.org/queue-microtask/-/queue-microtask-1.2.3.tgz"
    "version" "1.2.3"
  
  "quick-lru@^5.1.1":
    "integrity" "sha512-WuyALRjWPDGtt/wzJiadO5AXY+8hZ80hVpe6MyivgraREW751X3SbhRvG3eLKOYN+8VEvqLcf3wdnt44Z4S4SA=="
    "resolved" "https://registry.npmjs.org/quick-lru/-/quick-lru-5.1.1.tgz"
    "version" "5.1.1"
  
  "react-dom@^15.5.4 || ^16.0.0", "react-dom@^16.8.0 || ^17.0.0", "react-dom@^18.2.0", "react-dom@>= 16.8.0", "react-dom@>=16.6.0", "react-dom@>=16.8":
    "integrity" "sha512-6IMTriUmvsjHUjNtEDudZfuDQUoWXVxKHhlEGSk81n4YFS+r/Kl99wXiwlVXtPBtJenozv2P+hxDsw9eA7Xo6g=="
    "resolved" "https://registry.npmjs.org/react-dom/-/react-dom-18.2.0.tgz"
    "version" "18.2.0"
    dependencies:
      "loose-envify" "^1.1.0"
      "scheduler" "^0.23.0"
  
  "react-dom@16.14.0":
    "integrity" "sha512-1gCeQXDLoIqMgqD3IO2Ah9bnf0w9kzhwN5q4FGnHZ67hBm9yePzB5JJAIQCc8x3pFnNlwFq4RidZggNAAkzWWw=="
    "resolved" "https://registry.npmjs.org/react-dom/-/react-dom-16.14.0.tgz"
    "version" "16.14.0"
    dependencies:
      "loose-envify" "^1.1.0"
      "object-assign" "^4.1.1"
      "prop-types" "^15.6.2"
      "scheduler" "^0.19.1"
  
  "react-icons@^3.10.0":
    "integrity" "sha512-JRgiI/vdF6uyBgyZhVyYJUZAop95Sy4XDe/jmT3R/bKliFWpO/uZBwvSjWEdxwzec7SYbEPNPck0Kff2tUGM2Q=="
    "resolved" "https://registry.npmjs.org/react-icons/-/react-icons-3.11.0.tgz"
    "version" "3.11.0"
    dependencies:
      "camelcase" "^5.0.0"
  
  "react-input-autosize@^3.0.0":
    "integrity" "sha512-nL9uS7jEs/zu8sqwFE5MAPx6pPkNAriACQ2rGLlqmKr2sPGtN7TXTyDdQt4lbNXVx7Uzadb40x8qotIuru6Rhg=="
    "resolved" "https://registry.npmjs.org/react-input-autosize/-/react-input-autosize-3.0.0.tgz"
    "version" "3.0.0"
    dependencies:
      "prop-types" "^15.5.8"
  
  "react-is@^16.13.1":
    "integrity" "sha512-24e6ynE2H+OKt4kqsOvNd8kBpV65zoxbA4BVsEOB3ARVWQki/DHzaUoC5KuON/BiccDaCCTZBuOcfZs70kR8bQ=="
    "resolved" "https://registry.npmjs.org/react-is/-/react-is-16.13.1.tgz"
    "version" "16.13.1"
  
  "react-is@^16.7.0":
    "integrity" "sha512-24e6ynE2H+OKt4kqsOvNd8kBpV65zoxbA4BVsEOB3ARVWQki/DHzaUoC5KuON/BiccDaCCTZBuOcfZs70kR8bQ=="
    "resolved" "https://registry.npmjs.org/react-is/-/react-is-16.13.1.tgz"
    "version" "16.13.1"
  
  "react-is@>= 16.8.0", "react-is@16.8.0":
    "integrity" "sha512-LOy+3La39aduxaPfuj+lCXC5RQ8ukjVPAAsFJ3yQ+DIOLf4eR9OMKeWKF0IzjRyE95xMj5QELwiXGgfQsIJguA=="
    "resolved" "https://registry.npmjs.org/react-is/-/react-is-16.8.0.tgz"
    "version" "16.8.0"
  
  "react-numeric-input@^2.2.3":
    "integrity" "sha512-0hDXY8eznhTNMYfmeXRo/R1Fyx//ub0C/tpXbIeEaTnG72P95MGGMvJbiX5i+mnmiFVT6OCgIR33mke45nNZzQ=="
    "resolved" "https://registry.npmjs.org/react-numeric-input/-/react-numeric-input-2.2.3.tgz"
    "version" "2.2.3"
  
  "react-refresh@^0.14.0":
    "integrity" "sha512-wViHqhAd8OHeLS/IRMJjTSDHF3U9eWi62F/MledQGPdJGDhodXJ9PBLNGr6WWL7qlH12Mt3TyTpbS+hGXMjCzQ=="
    "resolved" "https://registry.npmjs.org/react-refresh/-/react-refresh-0.14.0.tgz"
    "version" "0.14.0"
  
  "react-router-dom@^6.4.3":
    "integrity" "sha512-MiaYQU8CwVCaOfJdYvt84KQNjT78VF0TJrA17SIQgNHRvLnXDJO6qsFqq8F/zzB1BWZjCFIrQpu4QxcshitziQ=="
    "resolved" "https://registry.npmjs.org/react-router-dom/-/react-router-dom-6.4.3.tgz"
    "version" "6.4.3"
    dependencies:
      "@remix-run/router" "1.0.3"
      "react-router" "6.4.3"
  
  "react-router@^6.4.3", "react-router@6.4.3":
    "integrity" "sha512-BT6DoGn6aV1FVP5yfODMOiieakp3z46P1Fk0RNzJMACzE7C339sFuHebfvWtnB4pzBvXXkHP2vscJzWRuUjTtA=="
    "resolved" "https://registry.npmjs.org/react-router/-/react-router-6.4.3.tgz"
    "version" "6.4.3"
    dependencies:
      "@remix-run/router" "1.0.3"
  
  "react-select@^3.1.1":
    "integrity" "sha512-B/q3TnCZXEKItO0fFN/I0tWOX3WJvi/X2wtdffmwSQVRwg5BpValScTO1vdic9AxlUgmeSzib2hAZAwIUQUZGQ=="
    "resolved" "https://registry.npmjs.org/react-select/-/react-select-3.2.0.tgz"
    "version" "3.2.0"
    dependencies:
      "@babel/runtime" "^7.4.4"
      "@emotion/cache" "^10.0.9"
      "@emotion/core" "^10.0.9"
      "@emotion/css" "^10.0.9"
      "memoize-one" "^5.0.0"
      "prop-types" "^15.6.0"
      "react-input-autosize" "^3.0.0"
      "react-transition-group" "^4.3.0"
  
  "react-slider@^1.1.2":
    "integrity" "sha512-bD8hHJJUgAHI8g1F6PY6432l+Dmcs2fqzUwDhd+0HWDdvfjwNoXRNC2cL9OWyGTjYlJM92A8nF/w1X4pyHfytQ=="
    "resolved" "https://registry.npmjs.org/react-slider/-/react-slider-1.3.1.tgz"
    "version" "1.3.1"
  
  "react-toastify@^6.2.0":
    "integrity" "sha512-XpjFrcBhQ0/nBOL4syqgP/TywFnOyxmstYLWgSQWcj39qpp+WU4vPt3C/ayIDx7RFyxRWfzWTdR2qOcDGo7G0w=="
    "resolved" "https://registry.npmjs.org/react-toastify/-/react-toastify-6.2.0.tgz"
    "version" "6.2.0"
    dependencies:
      "clsx" "^1.1.1"
      "prop-types" "^15.7.2"
      "react-transition-group" "^4.4.1"
  
  "react-tooltip-lite@^1.12.0":
    "integrity" "sha512-QjDnmDmjtLNKvLY6bzUOG8W6ZDBTiE4UXugGzClOQEGvMvbkJn2GvZvLwRaxsN/GCx7589RgbGaESMiJAm+zWg=="
    "resolved" "https://registry.npmjs.org/react-tooltip-lite/-/react-tooltip-lite-1.12.0.tgz"
    "version" "1.12.0"
    dependencies:
      "prop-types" "^15.5.8"
  
  "react-transition-group@^4.3.0", "react-transition-group@^4.4.1":
    "integrity" "sha512-pZcd1MCJoiKiBR2NRxeCRg13uCXbydPnmB4EOeRrY7480qNWO8IIgQG6zlDkm6uRMsURXPuKq0GWtiM59a5Q6g=="
    "resolved" "https://registry.npmjs.org/react-transition-group/-/react-transition-group-4.4.5.tgz"
    "version" "4.4.5"
    dependencies:
      "@babel/runtime" "^7.5.5"
      "dom-helpers" "^5.0.1"
      "loose-envify" "^1.4.0"
      "prop-types" "^15.6.2"
  
  "react@*", "react@^15.5.4 || ^16.0.0", "react@^16 || ^17", "react@^16.14.0", "react@^16.3.0 || ^17.0.0", "react@^16.8.0 || ^17.0.0", "react@^18.2.0", "react@>= 16.8.0", "react@>=0.14.0 || ^15.6.1 || ^16.0.0", "react@>=16", "react@>=16.3.0", "react@>=16.6.0", "react@>=16.8":
    "integrity" "sha512-/3IjMdb2L9QbBdWiW5e3P2/npwMBaU9mHCSCUzNln0ZCYbcfTsGbTJrU/kGemdH2IWmB2ioZ+zkxtmq6g09fGQ=="
    "resolved" "https://registry.npmjs.org/react/-/react-18.2.0.tgz"
    "version" "18.2.0"
    dependencies:
      "loose-envify" "^1.1.0"
  
  "read-cache@^1.0.0":
    "integrity" "sha512-Owdv/Ft7IjOgm/i0xvNDZ1LrRANRfew4b2prF3OWMQLxLfu3bS8FVhCsrSCMK4lR56Y9ya+AThoTpDCTxCmpRA=="
    "resolved" "https://registry.npmjs.org/read-cache/-/read-cache-1.0.0.tgz"
    "version" "1.0.0"
    dependencies:
      "pify" "^2.3.0"
  
  "readdirp@~3.6.0":
    "integrity" "sha512-hOS089on8RduqdbhvQ5Z37A0ESjsqz6qnRcffsMU3495FuTdqSm+7bhJ29JvIOsBDEEnan5DPu9t3To9VRlMzA=="
    "resolved" "https://registry.npmjs.org/readdirp/-/readdirp-3.6.0.tgz"
    "version" "3.6.0"
    dependencies:
      "picomatch" "^2.2.1"
  
  "regenerator-runtime@^0.13.11":
    "integrity" "sha512-kY1AZVr2Ra+t+piVaJ4gxaFaReZVH40AKNo7UCX6W+dEwBo/2oZJzqfuN1qLq1oL45o56cPaTXELwrTh8Fpggg=="
    "resolved" "https://registry.npmjs.org/regenerator-runtime/-/regenerator-runtime-0.13.11.tgz"
    "version" "0.13.11"
  
  "resolve-from@^4.0.0":
    "integrity" "sha512-pb/MYmXstAkysRFx8piNI1tGFNQIFA3vkE3Gq4EuA1dF6gHp/+vgZqsCGJapvy8N3Q+4o7FwvquPJcnZ7RYy4g=="
    "resolved" "https://registry.npmjs.org/resolve-from/-/resolve-from-4.0.0.tgz"
    "version" "4.0.0"
  
  "resolve@^1.1.7", "resolve@^1.12.0", "resolve@^1.22.1", "resolve@^1.3.2":
    "integrity" "sha512-nBpuuYuY5jFsli/JIs1oldw6fOQCBioohqWZg/2hiaOybXOft4lonv85uDOKXdf8rhyK159cxU5cDcK/NKk8zw=="
    "resolved" "https://registry.npmjs.org/resolve/-/resolve-1.22.1.tgz"
    "version" "1.22.1"
    dependencies:
      "is-core-module" "^2.9.0"
      "path-parse" "^1.0.7"
      "supports-preserve-symlinks-flag" "^1.0.0"
  
  "reusify@^1.0.4":
    "integrity" "sha512-U9nH88a3fc/ekCF1l0/UP1IosiuIjyTh7hBvXVMHYgVcfGvt897Xguj2UOLDeI5BG2m7/uwyaLVT6fbtCwTyzw=="
    "resolved" "https://registry.npmjs.org/reusify/-/reusify-1.0.4.tgz"
    "version" "1.0.4"
  
  "rollup@^2.79.1":
    "integrity" "sha512-uKxbd0IhMZOhjAiD5oAFp7BqvkA4Dv47qpOCtaNvng4HBwdbWtdOh8f5nZNuk2rp51PMGk3bzfWu5oayNEuYnw=="
    "resolved" "https://registry.npmjs.org/rollup/-/rollup-2.79.1.tgz"
    "version" "2.79.1"
    optionalDependencies:
      "fsevents" "~2.3.2"
  
  "run-parallel@^1.1.9":
    "integrity" "sha512-5l4VyZR86LZ/lDxZTR6jqL8AFE2S0IFLMP26AbjsLVADxHdhB/c0GUsH+y39UfCi3dzz8OlQuPmnaJOMoDHQBA=="
    "resolved" "https://registry.npmjs.org/run-parallel/-/run-parallel-1.2.0.tgz"
    "version" "1.2.0"
    dependencies:
      "queue-microtask" "^1.2.2"
  
  "scheduler@^0.19.1":
    "integrity" "sha512-n/zwRWRYSUj0/3g/otKDRPMh6qv2SYMWNq85IEa8iZyAv8od9zDYpGSnpBEjNgcMNq6Scbu5KfIPxNF72R/2EA=="
    "resolved" "https://registry.npmjs.org/scheduler/-/scheduler-0.19.1.tgz"
    "version" "0.19.1"
    dependencies:
      "loose-envify" "^1.1.0"
      "object-assign" "^4.1.1"
  
  "scheduler@^0.23.0":
    "integrity" "sha512-CtuThmgHNg7zIZWAXi3AsyIzA3n4xx7aNyjwC2VJldO2LMVDhFK+63xGqq6CsJH4rTAt6/M+N4GhZiDYPx9eUw=="
    "resolved" "https://registry.npmjs.org/scheduler/-/scheduler-0.23.0.tgz"
    "version" "0.23.0"
    dependencies:
      "loose-envify" "^1.1.0"
  
  "semver@^5.3.0":
    "integrity" "sha512-sauaDf/PZdVgrLTNYHRtpXa1iRiKcaebiKQ1BJdpQlWH2lCvexQdX55snPFyK7QzpudqbCI0qXFfOasHdyNDGQ=="
    "resolved" "https://registry.npmjs.org/semver/-/semver-5.7.1.tgz"
    "version" "5.7.1"
  
  "semver@^6.3.0":
    "integrity" "sha512-b39TBaTSfV6yBrapU89p5fKekE2m/NwnDocOVruQFS1/veMgdzuPcnOM34M6CwxW8jH/lxEa5rBoDeUwu5HHTw=="
    "resolved" "https://registry.npmjs.org/semver/-/semver-6.3.0.tgz"
    "version" "6.3.0"
  
  "shallowequal@^1.1.0":
    "integrity" "sha512-y0m1JoUZSlPAjXVtPPW70aZWfIL/dSP7AFkRnniLCrK/8MDKog3TySTBmckD+RObVxH0v4Tox67+F14PdED2oQ=="
    "resolved" "https://registry.npmjs.org/shallowequal/-/shallowequal-1.1.0.tgz"
    "version" "1.1.0"
  
  "source-map-js@^1.0.2":
    "integrity" "sha512-R0XvVJ9WusLiqTCEiGCmICCMplcCkIwwR11mOSD9CR5u+IXYdiseeEuXCVAjS54zqwkLcPNnmU4OeJ6tUrWhDw=="
    "resolved" "https://registry.npmjs.org/source-map-js/-/source-map-js-1.0.2.tgz"
    "version" "1.0.2"
  
  "source-map@^0.5.7":
    "integrity" "sha512-LbrmJOMUSdEVxIKvdcJzQC+nQhe8FUZQTXQy6+I75skNgn3OoQ0DZA8YnFa7gp8tqtL3KPf1kmo0R5DoApeSGQ=="
    "resolved" "https://registry.npmjs.org/source-map/-/source-map-0.5.7.tgz"
    "version" "0.5.7"
  
  "sourcemap-codec@^1.4.8":
    "integrity" "sha512-9NykojV5Uih4lgo5So5dtw+f0JgJX30KCNI8gwhz2J9A15wD0Ml6tjHKwf6fTSa6fAdVBdZeNOs9eJ71qCk8vA=="
    "resolved" "https://registry.npmjs.org/sourcemap-codec/-/sourcemap-codec-1.4.8.tgz"
    "version" "1.4.8"
  
  "sprintf-js@~1.0.2":
    "integrity" "sha512-D9cPgkvLlV3t3IzL0D0YLvGA9Ahk4PcvVwUbN0dSGr1aP0Nrt4AEnTUbuGvquEC0mA64Gqt1fzirlRs5ibXx8g=="
    "resolved" "https://registry.npmjs.org/sprintf-js/-/sprintf-js-1.0.3.tgz"
    "version" "1.0.3"
  
  "styled-components@^5.3.6", "styled-components@>= 2":
    "integrity" "sha512-hGTZquGAaTqhGWldX7hhfzjnIYBZ0IXQXkCYdvF1Sq3DsUaLx6+NTHC5Jj1ooM2F68sBiVz3lvhfwQs/S3l6qg=="
    "resolved" "https://registry.npmjs.org/styled-components/-/styled-components-5.3.6.tgz"
    "version" "5.3.6"
    dependencies:
      "@babel/helper-module-imports" "^7.0.0"
      "@babel/traverse" "^7.4.5"
      "@emotion/is-prop-valid" "^1.1.0"
      "@emotion/stylis" "^0.8.4"
      "@emotion/unitless" "^0.7.4"
      "babel-plugin-styled-components" ">= 1.12.0"
      "css-to-react-native" "^3.0.0"
      "hoist-non-react-statics" "^3.0.0"
      "shallowequal" "^1.1.0"
      "supports-color" "^5.5.0"
  
  "supports-color@^5.3.0", "supports-color@^5.5.0":
    "integrity" "sha512-QjVjwdXIt408MIiAqCX4oUKsgU2EqAGzs2Ppkm4aQYbjm+ZEWEcW4SfFNTr4uMNZma0ey4f5lgLrkB0aX0QMow=="
    "resolved" "https://registry.npmjs.org/supports-color/-/supports-color-5.5.0.tgz"
    "version" "5.5.0"
    dependencies:
      "has-flag" "^3.0.0"
  
  "supports-preserve-symlinks-flag@^1.0.0":
    "integrity" "sha512-ot0WnXS9fgdkgIcePe6RHNk1WA8+muPa6cSjeR3V8K27q9BB1rTE3R1p7Hv0z1ZyAc8s6Vvv8DIyWf681MAt0w=="
    "resolved" "https://registry.npmjs.org/supports-preserve-symlinks-flag/-/supports-preserve-symlinks-flag-1.0.0.tgz"
    "version" "1.0.0"
  
  "tailwindcss@^3.2.4":
    "integrity" "sha512-AhwtHCKMtR71JgeYDaswmZXhPcW9iuI9Sp2LvZPo9upDZ7231ZJ7eA9RaURbhpXGVlrjX4cFNlB4ieTetEb7hQ=="
    "resolved" "https://registry.npmjs.org/tailwindcss/-/tailwindcss-3.2.4.tgz"
    "version" "3.2.4"
    dependencies:
      "arg" "^5.0.2"
      "chokidar" "^3.5.3"
      "color-name" "^1.1.4"
      "detective" "^5.2.1"
      "didyoumean" "^1.2.2"
      "dlv" "^1.1.3"
      "fast-glob" "^3.2.12"
      "glob-parent" "^6.0.2"
      "is-glob" "^4.0.3"
      "lilconfig" "^2.0.6"
      "micromatch" "^4.0.5"
      "normalize-path" "^3.0.0"
      "object-hash" "^3.0.0"
      "picocolors" "^1.0.0"
      "postcss" "^8.4.18"
      "postcss-import" "^14.1.0"
      "postcss-js" "^4.0.0"
      "postcss-load-config" "^3.1.4"
      "postcss-nested" "6.0.0"
      "postcss-selector-parser" "^6.0.10"
      "postcss-value-parser" "^4.2.0"
      "quick-lru" "^5.1.1"
      "resolve" "^1.22.1"
  
  "to-fast-properties@^2.0.0":
    "integrity" "sha512-/OaKK0xYrs3DmxRYqL/yDc+FxFUVYhDlXMhRmv3z915w2HF1tnN1omB354j8VUGO/hbRzyD6Y3sA7v7GS/ceog=="
    "resolved" "https://registry.npmjs.org/to-fast-properties/-/to-fast-properties-2.0.0.tgz"
    "version" "2.0.0"
  
  "to-regex-range@^5.0.1":
    "integrity" "sha512-65P7iz6X5yEr1cwcgvQxbbIw7Uk3gOy5dIdtZ4rDveLqhrdJP+Li/Hx6tyK0NEb+2GCyneCMJiGqrADCSNk8sQ=="
    "resolved" "https://registry.npmjs.org/to-regex-range/-/to-regex-range-5.0.1.tgz"
    "version" "5.0.1"
    dependencies:
      "is-number" "^7.0.0"
  
  "tslib@^1.8.0", "tslib@^1.8.1":
    "integrity" "sha512-Xni35NKzjgMrwevysHTCArtLDpPvye8zV/0E4EyYn43P7/7qvQwPh9BGkHewbMulVntbigmcT7rdX3BNo9wRJg=="
    "resolved" "https://registry.npmjs.org/tslib/-/tslib-1.14.1.tgz"
    "version" "1.14.1"
  
  "tslint-react-hooks@^2.2.2":
    "integrity" "sha512-gtwA14+WevNUtlBhvAD5Ukpxt2qMegYI7IDD8zN/3JXLksdLdEuU/T/oqlI1CtZhMJffqyNn+aqq2oUqUFXiNA=="
    "resolved" "https://registry.npmjs.org/tslint-react-hooks/-/tslint-react-hooks-2.2.2.tgz"
    "version" "2.2.2"
  
  "tslint@^5.0.0", "tslint@5 - 6":
    "integrity" "sha512-EcMxhzCFt8k+/UP5r8waCf/lzmeSyVlqxqMEDQE7rWYiQky8KpIBz1JAoYXfROHrPZ1XXd43q8yQnULOLiBRQg=="
    "resolved" "https://registry.npmjs.org/tslint/-/tslint-5.20.1.tgz"
    "version" "5.20.1"
    dependencies:
      "@babel/code-frame" "^7.0.0"
      "builtin-modules" "^1.1.1"
      "chalk" "^2.3.0"
      "commander" "^2.12.1"
      "diff" "^4.0.1"
      "glob" "^7.1.1"
      "js-yaml" "^3.13.1"
      "minimatch" "^3.0.4"
      "mkdirp" "^0.5.1"
      "resolve" "^1.3.2"
      "semver" "^5.3.0"
      "tslib" "^1.8.0"
      "tsutils" "^2.29.0"
  
  "tsutils@^2.29.0":
    "integrity" "sha512-g5JVHCIJwzfISaXpXE1qvNalca5Jwob6FjI4AoPlqMusJ6ftFE7IkkFoMhVLRgK+4Kx3gkzb8UZK5t5yTTvEmA=="
    "resolved" "https://registry.npmjs.org/tsutils/-/tsutils-2.29.0.tgz"
    "version" "2.29.0"
    dependencies:
      "tslib" "^1.8.1"
  
  "typescript@^3.9.7", "typescript@^4.6.4", "typescript@>=2.1.0", "typescript@>=2.1.0 || >=2.1.0-dev || >=2.2.0-dev || >=2.3.0-dev || >=2.4.0-dev || >=2.5.0-dev || >=2.6.0-dev || >=2.7.0-dev || >=2.8.0-dev || >=2.9.0-dev || >= 3.0.0-dev || >= 3.1.0-dev", "typescript@>=2.3.0-dev || >=2.4.0-dev || >=2.5.0-dev || >=2.6.0-dev || >=2.7.0-dev || >=2.8.0-dev || >=2.9.0-dev || >=3.0.0-dev || >= 3.1.0-dev || >= 3.2.0-dev":
    "integrity" "sha512-CIfGzTelbKNEnLpLdGFgdyKhG23CKdKgQPOBc+OUNrkJ2vr+KSzsSV5kq5iWhEQbok+quxgGzrAtGWCyU7tHnA=="
    "resolved" "https://registry.npmjs.org/typescript/-/typescript-4.9.3.tgz"
    "version" "4.9.3"
  
  "update-browserslist-db@^1.0.9":
    "integrity" "sha512-OztqDenkfFkbSG+tRxBeAnCVPckDBcvibKd35yDONx6OU8N7sqgwc7rCbkJ/WcYtVRZ4ba68d6byhC21GFh7sQ=="
    "resolved" "https://registry.npmjs.org/update-browserslist-db/-/update-browserslist-db-1.0.10.tgz"
    "version" "1.0.10"
    dependencies:
      "escalade" "^3.1.1"
      "picocolors" "^1.0.0"
  
  "util-deprecate@^1.0.2":
    "integrity" "sha512-EPD5q1uXyFxJpCrLnCc1nHnq3gOa6DZBocAIiI2TaSCA7VCJ1UJDMagCzIkXNsUYfD1daK//LTEQ8xiIbrHtcw=="
    "resolved" "https://registry.npmjs.org/util-deprecate/-/util-deprecate-1.0.2.tgz"
    "version" "1.0.2"
  
  "vite@^3.0.0", "vite@^3.2.3":
    "integrity" "sha512-Z2X6SRAffOUYTa+sLy3NQ7nlHFU100xwanq1WDwqaiFiCe+25zdxP1TfCS5ojPV2oDDcXudHIoPnI1Z/66B7Yw=="
    "resolved" "https://registry.npmjs.org/vite/-/vite-3.2.4.tgz"
    "version" "3.2.4"
    dependencies:
      "esbuild" "^0.15.9"
      "postcss" "^8.4.18"
      "resolve" "^1.22.1"
      "rollup" "^2.79.1"
    optionalDependencies:
      "fsevents" "~2.3.2"
  
  "wrappy@1":
    "integrity" "sha512-l4Sp/DRseor9wL6EvV2+TuQn63dMkPjZ/sp9XkghTEbV9KlPS1xUsZ3u7/IQO4wxtcFB4bgpQPRcR3QCvezPcQ=="
    "resolved" "https://registry.npmjs.org/wrappy/-/wrappy-1.0.2.tgz"
    "version" "1.0.2"
  
  "xtend@^4.0.2":
    "integrity" "sha512-LKYU1iAXJXUgAXn9URjiu+MWhyUXHsvfp7mcuYm9dSUKK0/CjtrUwFAxD82/mCWbtLsGjFIad0wIsod4zrTAEQ=="
    "resolved" "https://registry.npmjs.org/xtend/-/xtend-4.0.2.tgz"
    "version" "4.0.2"
  
  "yaml@^1.10.2", "yaml@^1.7.2":
    "integrity" "sha512-r3vXyErRCYJ7wg28yvBY5VSoAF8ZvlcW9/BwUzEtUsjvX/DKs24dIkuwjtuprwJJHsbyUbLApepYTR1BN4uHrg=="
    "resolved" "https://registry.npmjs.org/yaml/-/yaml-1.10.2.tgz"
    "version" "1.10.2"
